<<<<<<< HEAD
ARM GAS  C:\Users\NGUYEN~1\AppData\Local\Temp\cclniOvw.s 			page 1
=======
ARM GAS  C:\Users\asentaja\AppData\Local\Temp\ccHtLfwu.s 			page 1
>>>>>>> b624debbc1cb61744c43a942a04a6276bc9fc33d


   1              		.syntax unified
   2              		.cpu cortex-m3
   3              		.fpu softvfp
   4              		.eabi_attribute 20, 1
   5              		.eabi_attribute 21, 1
   6              		.eabi_attribute 23, 3
   7              		.eabi_attribute 24, 1
   8              		.eabi_attribute 25, 1
   9              		.eabi_attribute 26, 1
  10              		.eabi_attribute 30, 1
  11              		.eabi_attribute 34, 1
  12              		.eabi_attribute 18, 4
  13              		.thumb
  14              		.file	"Motor.c"
  15              		.text
  16              	.Ltext0:
  17              		.cfi_sections	.debug_frame
  18              		.section	.text.motor_start,"ax",%progbits
  19              		.align	2
  20              		.global	motor_start
  21              		.thumb
  22              		.thumb_func
  23              		.type	motor_start, %function
  24              	motor_start:
  25              	.LFB63:
  26              		.file 1 "ZumoLibrary\\Motor.c"
   1:ZumoLibrary/Motor.c **** /**
   2:ZumoLibrary/Motor.c ****  * @file    Motor.c
   3:ZumoLibrary/Motor.c ****  * @brief   Basic methods for operating motor sensor. For more details, please refer to Motor.h fil
   4:ZumoLibrary/Motor.c ****  * @details included in Zumo shield
   5:ZumoLibrary/Motor.c **** */
   6:ZumoLibrary/Motor.c **** #include "Motor.h"
   7:ZumoLibrary/Motor.c **** 
   8:ZumoLibrary/Motor.c **** 
   9:ZumoLibrary/Motor.c **** /**
  10:ZumoLibrary/Motor.c **** * @brief    Starting motor sensors
  11:ZumoLibrary/Motor.c **** * @details  
  12:ZumoLibrary/Motor.c **** */
  13:ZumoLibrary/Motor.c **** void motor_start()
  14:ZumoLibrary/Motor.c **** {
  27              		.loc 1 14 0
  28              		.cfi_startproc
  29              		@ args = 0, pretend = 0, frame = 0
  30              		@ frame_needed = 0, uses_anonymous_args = 0
  31 0000 08B5     		push	{r3, lr}
  32              		.cfi_def_cfa_offset 8
  33              		.cfi_offset 3, -8
  34              		.cfi_offset 14, -4
  15:ZumoLibrary/Motor.c ****     PWM_Start();
  35              		.loc 1 15 0
  36 0002 FFF7FEFF 		bl	PWM_Start
  37              	.LVL0:
  38 0006 08BD     		pop	{r3, pc}
  39              		.cfi_endproc
  40              	.LFE63:
  41              		.size	motor_start, .-motor_start
  42              		.section	.text.motor_stop,"ax",%progbits
<<<<<<< HEAD
ARM GAS  C:\Users\NGUYEN~1\AppData\Local\Temp\cclniOvw.s 			page 2
=======
ARM GAS  C:\Users\asentaja\AppData\Local\Temp\ccHtLfwu.s 			page 2
>>>>>>> b624debbc1cb61744c43a942a04a6276bc9fc33d


  43              		.align	2
  44              		.global	motor_stop
  45              		.thumb
  46              		.thumb_func
  47              		.type	motor_stop, %function
  48              	motor_stop:
  49              	.LFB64:
  16:ZumoLibrary/Motor.c **** }
  17:ZumoLibrary/Motor.c **** 
  18:ZumoLibrary/Motor.c **** 
  19:ZumoLibrary/Motor.c **** /**
  20:ZumoLibrary/Motor.c **** * @brief    Stopping motor sensors
  21:ZumoLibrary/Motor.c **** * @details
  22:ZumoLibrary/Motor.c **** */
  23:ZumoLibrary/Motor.c **** void motor_stop()
  24:ZumoLibrary/Motor.c **** {
  50              		.loc 1 24 0
  51              		.cfi_startproc
  52              		@ args = 0, pretend = 0, frame = 0
  53              		@ frame_needed = 0, uses_anonymous_args = 0
  54 0000 08B5     		push	{r3, lr}
  55              		.cfi_def_cfa_offset 8
  56              		.cfi_offset 3, -8
  57              		.cfi_offset 14, -4
  25:ZumoLibrary/Motor.c ****     PWM_Stop();
  58              		.loc 1 25 0
  59 0002 FFF7FEFF 		bl	PWM_Stop
  60              	.LVL1:
  61 0006 08BD     		pop	{r3, pc}
  62              		.cfi_endproc
  63              	.LFE64:
  64              		.size	motor_stop, .-motor_stop
  65              		.global	__aeabi_i2d
  66              		.global	__aeabi_dmul
  67              		.global	__aeabi_d2uiz
  68              		.section	.text.motor_forward,"ax",%progbits
  69              		.align	2
  70              		.global	motor_forward
  71              		.thumb
  72              		.thumb_func
  73              		.type	motor_forward, %function
  74              	motor_forward:
  75              	.LFB65:
  26:ZumoLibrary/Motor.c **** }
  27:ZumoLibrary/Motor.c **** 
  28:ZumoLibrary/Motor.c **** 
  29:ZumoLibrary/Motor.c **** /**
  30:ZumoLibrary/Motor.c **** * @brief    Moving motors forward
  31:ZumoLibrary/Motor.c **** * @details  giveing same speed to each side of PWM to make motors go forward
  32:ZumoLibrary/Motor.c **** * @param    uint8 speed : speed value
  33:ZumoLibrary/Motor.c **** * @param    uint32 delay : delay time
  34:ZumoLibrary/Motor.c **** */
  35:ZumoLibrary/Motor.c **** void motor_forward(uint8 speed,uint32 delay)
  36:ZumoLibrary/Motor.c **** {
<<<<<<< HEAD
  73              		.loc 1 36 0
  74              		.cfi_startproc
  75              		@ args = 0, pretend = 0, frame = 0
  76              		@ frame_needed = 0, uses_anonymous_args = 0
  77              	.LVL2:
  78 0000 38B5     		push	{r3, r4, r5, lr}
ARM GAS  C:\Users\NGUYEN~1\AppData\Local\Temp\cclniOvw.s 			page 3
=======
  76              		.loc 1 36 0
  77              		.cfi_startproc
  78              		@ args = 0, pretend = 0, frame = 0
ARM GAS  C:\Users\asentaja\AppData\Local\Temp\ccHtLfwu.s 			page 3
>>>>>>> b624debbc1cb61744c43a942a04a6276bc9fc33d


  79              		@ frame_needed = 0, uses_anonymous_args = 0
  80              	.LVL2:
  81 0000 38B5     		push	{r3, r4, r5, lr}
  82              		.cfi_def_cfa_offset 16
  83              		.cfi_offset 3, -16
  84              		.cfi_offset 4, -12
  85              		.cfi_offset 5, -8
  86              		.cfi_offset 14, -4
  87 0002 0446     		mov	r4, r0
  88 0004 0D46     		mov	r5, r1
  37:ZumoLibrary/Motor.c ****     MotorDirLeft_Write(0);      // set LeftMotor forward mode
  89              		.loc 1 37 0
  90 0006 0020     		movs	r0, #0
  91              	.LVL3:
  92 0008 FFF7FEFF 		bl	MotorDirLeft_Write
  93              	.LVL4:
  38:ZumoLibrary/Motor.c ****     MotorDirRight_Write(0);     // set RightMotor forward mode
  94              		.loc 1 38 0
  95 000c 0020     		movs	r0, #0
  96 000e FFF7FEFF 		bl	MotorDirRight_Write
  97              	.LVL5:
  39:ZumoLibrary/Motor.c ****     PWM_WriteCompare1(speed*(1.08)); 
  98              		.loc 1 39 0
  99 0012 2046     		mov	r0, r4
 100 0014 FFF7FEFF 		bl	__aeabi_i2d
 101              	.LVL6:
 102 0018 09A3     		adr	r3, .L7
 103 001a D3E90023 		ldrd	r2, [r3]
 104 001e FFF7FEFF 		bl	__aeabi_dmul
 105              	.LVL7:
 106 0022 FFF7FEFF 		bl	__aeabi_d2uiz
 107              	.LVL8:
 108 0026 C0B2     		uxtb	r0, r0
 109 0028 FFF7FEFF 		bl	PWM_WriteCompare1
 110              	.LVL9:
  40:ZumoLibrary/Motor.c ****     PWM_WriteCompare2(speed); 
 111              		.loc 1 40 0
 112 002c 2046     		mov	r0, r4
 113 002e FFF7FEFF 		bl	PWM_WriteCompare2
 114              	.LVL10:
  41:ZumoLibrary/Motor.c ****     CyDelay(delay);
 115              		.loc 1 41 0
 116 0032 2846     		mov	r0, r5
 117 0034 FFF7FEFF 		bl	CyDelay
 118              	.LVL11:
 119 0038 38BD     		pop	{r3, r4, r5, pc}
 120              	.LVL12:
 121              	.L8:
 122 003a 00BFAFF3 		.align	3
 122      0080
 123              	.L7:
 124 0040 48E17A14 		.word	343597384
 125 0044 AE47F13F 		.word	1072777134
 126              		.cfi_endproc
 127              	.LFE65:
 128              		.size	motor_forward, .-motor_forward
 129              		.section	.text.motor_turn,"ax",%progbits
ARM GAS  C:\Users\asentaja\AppData\Local\Temp\ccHtLfwu.s 			page 4


 130              		.align	2
 131              		.global	motor_turn
 132              		.thumb
 133              		.thumb_func
 134              		.type	motor_turn, %function
 135              	motor_turn:
 136              	.LFB66:
  42:ZumoLibrary/Motor.c **** }
  43:ZumoLibrary/Motor.c **** 
  44:ZumoLibrary/Motor.c **** 
  45:ZumoLibrary/Motor.c **** /**
  46:ZumoLibrary/Motor.c **** * @brief    Moving motors to make a turn 
  47:ZumoLibrary/Motor.c **** * @details  moving left when l_speed < r_speed or moving right when l_speed > r_speed
  48:ZumoLibrary/Motor.c **** * @param    uint8 l_speed : left motor speed value
  49:ZumoLibrary/Motor.c **** * @param    uint8 r_speed : right motor speed value
  50:ZumoLibrary/Motor.c **** * @param    uint32 delay : delay time
  51:ZumoLibrary/Motor.c **** */
  52:ZumoLibrary/Motor.c **** void motor_turn(uint8 l_speed, uint8 r_speed, uint32 delay)
  53:ZumoLibrary/Motor.c **** {
<<<<<<< HEAD
ARM GAS  C:\Users\NGUYEN~1\AppData\Local\Temp\cclniOvw.s 			page 4


 119              		.loc 1 53 0
 120              		.cfi_startproc
 121              		@ args = 0, pretend = 0, frame = 0
 122              		@ frame_needed = 0, uses_anonymous_args = 0
 123              	.LVL9:
 124 0000 38B5     		push	{r3, r4, r5, lr}
 125              		.cfi_def_cfa_offset 16
 126              		.cfi_offset 3, -16
 127              		.cfi_offset 4, -12
 128              		.cfi_offset 5, -8
 129              		.cfi_offset 14, -4
 130 0002 0D46     		mov	r5, r1
 131 0004 1446     		mov	r4, r2
=======
 137              		.loc 1 53 0
 138              		.cfi_startproc
 139              		@ args = 0, pretend = 0, frame = 0
 140              		@ frame_needed = 0, uses_anonymous_args = 0
 141              	.LVL13:
 142 0000 38B5     		push	{r3, r4, r5, lr}
 143              		.cfi_def_cfa_offset 16
 144              		.cfi_offset 3, -16
 145              		.cfi_offset 4, -12
 146              		.cfi_offset 5, -8
 147              		.cfi_offset 14, -4
 148 0002 0D46     		mov	r5, r1
 149 0004 1446     		mov	r4, r2
>>>>>>> b624debbc1cb61744c43a942a04a6276bc9fc33d
  54:ZumoLibrary/Motor.c ****     PWM_WriteCompare1(l_speed); 
 150              		.loc 1 54 0
 151 0006 FFF7FEFF 		bl	PWM_WriteCompare1
 152              	.LVL14:
  55:ZumoLibrary/Motor.c ****     PWM_WriteCompare2(r_speed); 
 153              		.loc 1 55 0
 154 000a 2846     		mov	r0, r5
 155 000c FFF7FEFF 		bl	PWM_WriteCompare2
 156              	.LVL15:
  56:ZumoLibrary/Motor.c ****     CyDelay(delay);
 157              		.loc 1 56 0
 158 0010 2046     		mov	r0, r4
 159 0012 FFF7FEFF 		bl	CyDelay
 160              	.LVL16:
 161 0016 38BD     		pop	{r3, r4, r5, pc}
 162              		.cfi_endproc
 163              	.LFE66:
 164              		.size	motor_turn, .-motor_turn
 165              		.section	.text.motor_backward,"ax",%progbits
 166              		.align	2
 167              		.global	motor_backward
 168              		.thumb
 169              		.thumb_func
 170              		.type	motor_backward, %function
 171              	motor_backward:
ARM GAS  C:\Users\asentaja\AppData\Local\Temp\ccHtLfwu.s 			page 5


 172              	.LFB67:
  57:ZumoLibrary/Motor.c **** }
  58:ZumoLibrary/Motor.c **** 
  59:ZumoLibrary/Motor.c **** 
  60:ZumoLibrary/Motor.c **** /**
  61:ZumoLibrary/Motor.c **** * @brief    Moving motors backward
  62:ZumoLibrary/Motor.c **** * @details  setting backward mode to each motors and gives same speed to each side of PWM
  63:ZumoLibrary/Motor.c **** * @param    uint8 speed : speed value
  64:ZumoLibrary/Motor.c **** * @param    uint32 delay : delay time
  65:ZumoLibrary/Motor.c **** */
  66:ZumoLibrary/Motor.c **** void motor_backward(uint8 speed,uint32 delay)
  67:ZumoLibrary/Motor.c **** {
<<<<<<< HEAD
 155              		.loc 1 67 0
 156              		.cfi_startproc
 157              		@ args = 0, pretend = 0, frame = 0
 158              		@ frame_needed = 0, uses_anonymous_args = 0
 159              	.LVL13:
 160 0000 38B5     		push	{r3, r4, r5, lr}
 161              		.cfi_def_cfa_offset 16
ARM GAS  C:\Users\NGUYEN~1\AppData\Local\Temp\cclniOvw.s 			page 5


 162              		.cfi_offset 3, -16
 163              		.cfi_offset 4, -12
 164              		.cfi_offset 5, -8
 165              		.cfi_offset 14, -4
 166 0002 0446     		mov	r4, r0
 167 0004 0D46     		mov	r5, r1
=======
 173              		.loc 1 67 0
 174              		.cfi_startproc
 175              		@ args = 0, pretend = 0, frame = 0
 176              		@ frame_needed = 0, uses_anonymous_args = 0
 177              	.LVL17:
 178 0000 38B5     		push	{r3, r4, r5, lr}
 179              		.cfi_def_cfa_offset 16
 180              		.cfi_offset 3, -16
 181              		.cfi_offset 4, -12
 182              		.cfi_offset 5, -8
 183              		.cfi_offset 14, -4
 184 0002 0446     		mov	r4, r0
 185 0004 0D46     		mov	r5, r1
>>>>>>> b624debbc1cb61744c43a942a04a6276bc9fc33d
  68:ZumoLibrary/Motor.c ****     MotorDirLeft_Write(1);      // set LeftMotor backward mode
 186              		.loc 1 68 0
 187 0006 0120     		movs	r0, #1
 188              	.LVL18:
 189 0008 FFF7FEFF 		bl	MotorDirLeft_Write
 190              	.LVL19:
  69:ZumoLibrary/Motor.c ****     MotorDirRight_Write(1);     // set RightMotor backward mode
 191              		.loc 1 69 0
 192 000c 0120     		movs	r0, #1
 193 000e FFF7FEFF 		bl	MotorDirRight_Write
 194              	.LVL20:
  70:ZumoLibrary/Motor.c ****     PWM_WriteCompare1(speed); 
 195              		.loc 1 70 0
 196 0012 2046     		mov	r0, r4
 197 0014 FFF7FEFF 		bl	PWM_WriteCompare1
 198              	.LVL21:
  71:ZumoLibrary/Motor.c ****     PWM_WriteCompare2(speed); 
 199              		.loc 1 71 0
 200 0018 2046     		mov	r0, r4
 201 001a FFF7FEFF 		bl	PWM_WriteCompare2
 202              	.LVL22:
  72:ZumoLibrary/Motor.c ****     CyDelay(delay);
<<<<<<< HEAD
 185              		.loc 1 72 0
 186 001e 2846     		mov	r0, r5
 187 0020 FFF7FEFF 		bl	CyDelay
 188              	.LVL19:
 189 0024 38BD     		pop	{r3, r4, r5, pc}
 190              		.cfi_endproc
 191              	.LFE67:
 192              		.size	motor_backward, .-motor_backward
 193 0026 00BF     		.text
 194              	.Letext0:
 195              		.file 2 "d:\\metropolia uas\\intro programming\\psoccreator\\psoc creator\\4.0\\psoc creator\\impo
 196              		.file 3 "d:\\metropolia uas\\intro programming\\psoccreator\\psoc creator\\4.0\\psoc creator\\impo
 197              		.file 4 "Generated_Source\\PSoC5/cytypes.h"
 198              		.file 5 "Generated_Source\\PSoC5/PWM.h"
 199              		.file 6 "Generated_Source\\PSoC5/MotorDirLeft.h"
 200              		.file 7 "Generated_Source\\PSoC5/MotorDirRight.h"
 201              		.file 8 "Generated_Source\\PSoC5/core_cm3.h"
 202              		.file 9 "Generated_Source\\PSoC5/CyLib.h"
 203              		.section	.debug_info,"",%progbits
 204              	.Ldebug_info0:
 205 0000 F4020000 		.4byte	0x2f4
 206 0004 0400     		.2byte	0x4
 207 0006 00000000 		.4byte	.Ldebug_abbrev0
 208 000a 04       		.byte	0x4
 209 000b 01       		.uleb128 0x1
 210 000c 17010000 		.4byte	.LASF32
 211 0010 01       		.byte	0x1
 212 0011 FC000000 		.4byte	.LASF33
 213 0015 69000000 		.4byte	.LASF34
ARM GAS  C:\Users\NGUYEN~1\AppData\Local\Temp\cclniOvw.s 			page 6


 214 0019 00000000 		.4byte	.Ldebug_ranges0+0
 215 001d 00000000 		.4byte	0
 216 0021 00000000 		.4byte	.Ldebug_line0
 217 0025 02       		.uleb128 0x2
 218 0026 01       		.byte	0x1
 219 0027 06       		.byte	0x6
 220 0028 49000000 		.4byte	.LASF0
 221 002c 02       		.uleb128 0x2
 222 002d 01       		.byte	0x1
 223 002e 08       		.byte	0x8
 224 002f 5B000000 		.4byte	.LASF1
 225 0033 02       		.uleb128 0x2
 226 0034 02       		.byte	0x2
 227 0035 05       		.byte	0x5
 228 0036 23020000 		.4byte	.LASF2
 229 003a 02       		.uleb128 0x2
 230 003b 02       		.byte	0x2
 231 003c 07       		.byte	0x7
 232 003d 54020000 		.4byte	.LASF3
 233 0041 03       		.uleb128 0x3
 234 0042 00000000 		.4byte	.LASF9
 235 0046 02       		.byte	0x2
 236 0047 3F       		.byte	0x3f
 237 0048 4C000000 		.4byte	0x4c
 238 004c 02       		.uleb128 0x2
 239 004d 04       		.byte	0x4
 240 004e 05       		.byte	0x5
 241 004f 40020000 		.4byte	.LASF4
 242 0053 02       		.uleb128 0x2
 243 0054 04       		.byte	0x4
 244 0055 07       		.byte	0x7
 245 0056 AA000000 		.4byte	.LASF5
 246 005a 02       		.uleb128 0x2
 247 005b 08       		.byte	0x8
 248 005c 05       		.byte	0x5
 249 005d 10020000 		.4byte	.LASF6
 250 0061 02       		.uleb128 0x2
 251 0062 08       		.byte	0x8
 252 0063 07       		.byte	0x7
 253 0064 BA010000 		.4byte	.LASF7
 254 0068 04       		.uleb128 0x4
 255 0069 04       		.byte	0x4
 256 006a 05       		.byte	0x5
 257 006b 696E7400 		.ascii	"int\000"
 258 006f 02       		.uleb128 0x2
 259 0070 04       		.byte	0x4
 260 0071 07       		.byte	0x7
 261 0072 A5010000 		.4byte	.LASF8
 262 0076 03       		.uleb128 0x3
 263 0077 3B000000 		.4byte	.LASF10
 264 007b 03       		.byte	0x3
 265 007c 2C       		.byte	0x2c
 266 007d 41000000 		.4byte	0x41
 267 0081 05       		.uleb128 0x5
 268 0082 35000000 		.4byte	.LASF11
 269 0086 04       		.byte	0x4
 270 0087 9201     		.2byte	0x192
ARM GAS  C:\Users\NGUYEN~1\AppData\Local\Temp\cclniOvw.s 			page 7


 271 0089 2C000000 		.4byte	0x2c
 272 008d 05       		.uleb128 0x5
 273 008e 10010000 		.4byte	.LASF12
 274 0092 04       		.byte	0x4
 275 0093 9401     		.2byte	0x194
 276 0095 53000000 		.4byte	0x53
 277 0099 02       		.uleb128 0x2
 278 009a 04       		.byte	0x4
 279 009b 04       		.byte	0x4
 280 009c 43000000 		.4byte	.LASF13
 281 00a0 02       		.uleb128 0x2
 282 00a1 08       		.byte	0x8
 283 00a2 04       		.byte	0x4
 284 00a3 EA000000 		.4byte	.LASF14
 285 00a7 02       		.uleb128 0x2
 286 00a8 01       		.byte	0x1
 287 00a9 08       		.byte	0x8
 288 00aa 1E020000 		.4byte	.LASF15
 289 00ae 02       		.uleb128 0x2
 290 00af 04       		.byte	0x4
 291 00b0 07       		.byte	0x7
 292 00b1 07020000 		.4byte	.LASF16
 293 00b5 06       		.uleb128 0x6
 294 00b6 D1010000 		.4byte	.LASF17
 295 00ba 01       		.byte	0x1
 296 00bb 0D       		.byte	0xd
 297 00bc 00000000 		.4byte	.LFB63
 298 00c0 08000000 		.4byte	.LFE63-.LFB63
 299 00c4 01       		.uleb128 0x1
 300 00c5 9C       		.byte	0x9c
 301 00c6 D4000000 		.4byte	0xd4
 302 00ca 07       		.uleb128 0x7
 303 00cb 06000000 		.4byte	.LVL0
 304 00cf 98020000 		.4byte	0x298
 305 00d3 00       		.byte	0
 306 00d4 06       		.uleb128 0x6
 307 00d5 F1000000 		.4byte	.LASF18
 308 00d9 01       		.byte	0x1
 309 00da 17       		.byte	0x17
 310 00db 00000000 		.4byte	.LFB64
 311 00df 08000000 		.4byte	.LFE64-.LFB64
 312 00e3 01       		.uleb128 0x1
 313 00e4 9C       		.byte	0x9c
 314 00e5 F3000000 		.4byte	0xf3
 315 00e9 07       		.uleb128 0x7
 316 00ea 06000000 		.4byte	.LVL1
 317 00ee 9F020000 		.4byte	0x29f
 318 00f2 00       		.byte	0
 319 00f3 08       		.uleb128 0x8
 320 00f4 DC000000 		.4byte	.LASF21
 321 00f8 01       		.byte	0x1
 322 00f9 23       		.byte	0x23
 323 00fa 00000000 		.4byte	.LFB65
 324 00fe 26000000 		.4byte	.LFE65-.LFB65
 325 0102 01       		.uleb128 0x1
 326 0103 9C       		.byte	0x9c
 327 0104 85010000 		.4byte	0x185
ARM GAS  C:\Users\NGUYEN~1\AppData\Local\Temp\cclniOvw.s 			page 8


 328 0108 09       		.uleb128 0x9
 329 0109 01020000 		.4byte	.LASF19
 330 010d 01       		.byte	0x1
 331 010e 23       		.byte	0x23
 332 010f 81000000 		.4byte	0x81
 333 0113 00000000 		.4byte	.LLST0
 334 0117 09       		.uleb128 0x9
 335 0118 55000000 		.4byte	.LASF20
 336 011c 01       		.byte	0x1
 337 011d 23       		.byte	0x23
 338 011e 8D000000 		.4byte	0x8d
 339 0122 21000000 		.4byte	.LLST1
 340 0126 0A       		.uleb128 0xa
 341 0127 0C000000 		.4byte	.LVL4
 342 012b A6020000 		.4byte	0x2a6
 343 012f 39010000 		.4byte	0x139
 344 0133 0B       		.uleb128 0xb
 345 0134 01       		.uleb128 0x1
 346 0135 50       		.byte	0x50
 347 0136 01       		.uleb128 0x1
 348 0137 30       		.byte	0x30
 349 0138 00       		.byte	0
 350 0139 0A       		.uleb128 0xa
 351 013a 12000000 		.4byte	.LVL5
 352 013e B7020000 		.4byte	0x2b7
 353 0142 4C010000 		.4byte	0x14c
 354 0146 0B       		.uleb128 0xb
 355 0147 01       		.uleb128 0x1
 356 0148 50       		.byte	0x50
 357 0149 01       		.uleb128 0x1
 358 014a 30       		.byte	0x30
 359 014b 00       		.byte	0
 360 014c 0A       		.uleb128 0xa
 361 014d 18000000 		.4byte	.LVL6
 362 0151 C8020000 		.4byte	0x2c8
 363 0155 60010000 		.4byte	0x160
 364 0159 0B       		.uleb128 0xb
 365 015a 01       		.uleb128 0x1
 366 015b 50       		.byte	0x50
 367 015c 02       		.uleb128 0x2
 368 015d 74       		.byte	0x74
 369 015e 00       		.sleb128 0
 370 015f 00       		.byte	0
 371 0160 0A       		.uleb128 0xa
 372 0161 1E000000 		.4byte	.LVL7
 373 0165 D9020000 		.4byte	0x2d9
 374 0169 74010000 		.4byte	0x174
 375 016d 0B       		.uleb128 0xb
 376 016e 01       		.uleb128 0x1
 377 016f 50       		.byte	0x50
 378 0170 02       		.uleb128 0x2
 379 0171 74       		.byte	0x74
 380 0172 00       		.sleb128 0
 381 0173 00       		.byte	0
 382 0174 0C       		.uleb128 0xc
 383 0175 24000000 		.4byte	.LVL8
 384 0179 EA020000 		.4byte	0x2ea
ARM GAS  C:\Users\NGUYEN~1\AppData\Local\Temp\cclniOvw.s 			page 9


 385 017d 0B       		.uleb128 0xb
 386 017e 01       		.uleb128 0x1
 387 017f 50       		.byte	0x50
 388 0180 02       		.uleb128 0x2
 389 0181 75       		.byte	0x75
 390 0182 00       		.sleb128 0
 391 0183 00       		.byte	0
 392 0184 00       		.byte	0
 393 0185 08       		.uleb128 0x8
 394 0186 49020000 		.4byte	.LASF22
 395 018a 01       		.byte	0x1
 396 018b 34       		.byte	0x34
 397 018c 00000000 		.4byte	.LFB66
 398 0190 18000000 		.4byte	.LFE66-.LFB66
 399 0194 01       		.uleb128 0x1
 400 0195 9C       		.byte	0x9c
 401 0196 F5010000 		.4byte	0x1f5
 402 019a 09       		.uleb128 0x9
 403 019b B2010000 		.4byte	.LASF23
 404 019f 01       		.byte	0x1
 405 01a0 34       		.byte	0x34
 406 01a1 81000000 		.4byte	0x81
 407 01a5 3F000000 		.4byte	.LLST2
 408 01a9 09       		.uleb128 0x9
 409 01aa 19000000 		.4byte	.LASF24
 410 01ae 01       		.byte	0x1
 411 01af 34       		.byte	0x34
 412 01b0 81000000 		.4byte	0x81
 413 01b4 60000000 		.4byte	.LLST3
 414 01b8 09       		.uleb128 0x9
 415 01b9 55000000 		.4byte	.LASF20
 416 01bd 01       		.byte	0x1
 417 01be 34       		.byte	0x34
 418 01bf 8D000000 		.4byte	0x8d
 419 01c3 81000000 		.4byte	.LLST4
 420 01c7 07       		.uleb128 0x7
 421 01c8 0A000000 		.4byte	.LVL10
 422 01cc C8020000 		.4byte	0x2c8
 423 01d0 0A       		.uleb128 0xa
 424 01d1 10000000 		.4byte	.LVL11
 425 01d5 D9020000 		.4byte	0x2d9
 426 01d9 E4010000 		.4byte	0x1e4
 427 01dd 0B       		.uleb128 0xb
 428 01de 01       		.uleb128 0x1
 429 01df 50       		.byte	0x50
 430 01e0 02       		.uleb128 0x2
 431 01e1 75       		.byte	0x75
 432 01e2 00       		.sleb128 0
 433 01e3 00       		.byte	0
 434 01e4 0C       		.uleb128 0xc
 435 01e5 16000000 		.4byte	.LVL12
 436 01e9 EA020000 		.4byte	0x2ea
 437 01ed 0B       		.uleb128 0xb
 438 01ee 01       		.uleb128 0x1
 439 01ef 50       		.byte	0x50
 440 01f0 02       		.uleb128 0x2
 441 01f1 74       		.byte	0x74
ARM GAS  C:\Users\NGUYEN~1\AppData\Local\Temp\cclniOvw.s 			page 10


 442 01f2 00       		.sleb128 0
 443 01f3 00       		.byte	0
 444 01f4 00       		.byte	0
 445 01f5 08       		.uleb128 0x8
 446 01f6 0A000000 		.4byte	.LASF25
 447 01fa 01       		.byte	0x1
 448 01fb 42       		.byte	0x42
 449 01fc 00000000 		.4byte	.LFB67
 450 0200 26000000 		.4byte	.LFE67-.LFB67
 451 0204 01       		.uleb128 0x1
 452 0205 9C       		.byte	0x9c
 453 0206 87020000 		.4byte	0x287
 454 020a 09       		.uleb128 0x9
 455 020b 01020000 		.4byte	.LASF19
 456 020f 01       		.byte	0x1
 457 0210 42       		.byte	0x42
 458 0211 81000000 		.4byte	0x81
 459 0215 9F000000 		.4byte	.LLST5
 460 0219 09       		.uleb128 0x9
 461 021a 55000000 		.4byte	.LASF20
 462 021e 01       		.byte	0x1
 463 021f 42       		.byte	0x42
 464 0220 8D000000 		.4byte	0x8d
 465 0224 C0000000 		.4byte	.LLST6
 466 0228 0A       		.uleb128 0xa
 467 0229 0C000000 		.4byte	.LVL15
 468 022d A6020000 		.4byte	0x2a6
 469 0231 3B020000 		.4byte	0x23b
 470 0235 0B       		.uleb128 0xb
 471 0236 01       		.uleb128 0x1
 472 0237 50       		.byte	0x50
 473 0238 01       		.uleb128 0x1
 474 0239 31       		.byte	0x31
 475 023a 00       		.byte	0
 476 023b 0A       		.uleb128 0xa
 477 023c 12000000 		.4byte	.LVL16
 478 0240 B7020000 		.4byte	0x2b7
 479 0244 4E020000 		.4byte	0x24e
 480 0248 0B       		.uleb128 0xb
 481 0249 01       		.uleb128 0x1
 482 024a 50       		.byte	0x50
 483 024b 01       		.uleb128 0x1
 484 024c 31       		.byte	0x31
 485 024d 00       		.byte	0
 486 024e 0A       		.uleb128 0xa
 487 024f 18000000 		.4byte	.LVL17
 488 0253 C8020000 		.4byte	0x2c8
 489 0257 62020000 		.4byte	0x262
 490 025b 0B       		.uleb128 0xb
 491 025c 01       		.uleb128 0x1
 492 025d 50       		.byte	0x50
 493 025e 02       		.uleb128 0x2
 494 025f 74       		.byte	0x74
 495 0260 00       		.sleb128 0
 496 0261 00       		.byte	0
 497 0262 0A       		.uleb128 0xa
 498 0263 1E000000 		.4byte	.LVL18
ARM GAS  C:\Users\NGUYEN~1\AppData\Local\Temp\cclniOvw.s 			page 11


 499 0267 D9020000 		.4byte	0x2d9
 500 026b 76020000 		.4byte	0x276
 501 026f 0B       		.uleb128 0xb
 502 0270 01       		.uleb128 0x1
 503 0271 50       		.byte	0x50
 504 0272 02       		.uleb128 0x2
 505 0273 74       		.byte	0x74
 506 0274 00       		.sleb128 0
 507 0275 00       		.byte	0
 508 0276 0C       		.uleb128 0xc
 509 0277 24000000 		.4byte	.LVL19
 510 027b EA020000 		.4byte	0x2ea
 511 027f 0B       		.uleb128 0xb
 512 0280 01       		.uleb128 0x1
 513 0281 50       		.byte	0x50
 514 0282 02       		.uleb128 0x2
 515 0283 75       		.byte	0x75
 516 0284 00       		.sleb128 0
 517 0285 00       		.byte	0
 518 0286 00       		.byte	0
 519 0287 0D       		.uleb128 0xd
 520 0288 CF000000 		.4byte	.LASF35
 521 028c 08       		.byte	0x8
 522 028d 9606     		.2byte	0x696
 523 028f 93020000 		.4byte	0x293
 524 0293 0E       		.uleb128 0xe
 525 0294 76000000 		.4byte	0x76
 526 0298 0F       		.uleb128 0xf
 527 0299 2D020000 		.4byte	.LASF26
 528 029d 05       		.byte	0x5
 529 029e 92       		.byte	0x92
 530 029f 0F       		.uleb128 0xf
 531 02a0 37020000 		.4byte	.LASF27
 532 02a4 05       		.byte	0x5
 533 02a5 93       		.byte	0x93
 534 02a6 10       		.uleb128 0x10
 535 02a7 BC000000 		.4byte	.LASF28
 536 02ab 06       		.byte	0x6
 537 02ac 26       		.byte	0x26
 538 02ad B7020000 		.4byte	0x2b7
 539 02b1 11       		.uleb128 0x11
 540 02b2 81000000 		.4byte	0x81
 541 02b6 00       		.byte	0
 542 02b7 10       		.uleb128 0x10
 543 02b8 21000000 		.4byte	.LASF29
 544 02bc 07       		.byte	0x7
 545 02bd 26       		.byte	0x26
 546 02be C8020000 		.4byte	0x2c8
 547 02c2 11       		.uleb128 0x11
 548 02c3 81000000 		.4byte	0x81
 549 02c7 00       		.byte	0
 550 02c8 10       		.uleb128 0x10
 551 02c9 DD010000 		.4byte	.LASF30
 552 02cd 05       		.byte	0x5
 553 02ce C7       		.byte	0xc7
 554 02cf D9020000 		.4byte	0x2d9
 555 02d3 11       		.uleb128 0x11
ARM GAS  C:\Users\NGUYEN~1\AppData\Local\Temp\cclniOvw.s 			page 12


 556 02d4 81000000 		.4byte	0x81
 557 02d8 00       		.byte	0
 558 02d9 10       		.uleb128 0x10
 559 02da EF010000 		.4byte	.LASF31
 560 02de 05       		.byte	0x5
 561 02df CA       		.byte	0xca
 562 02e0 EA020000 		.4byte	0x2ea
 563 02e4 11       		.uleb128 0x11
 564 02e5 81000000 		.4byte	0x81
 565 02e9 00       		.byte	0
 566 02ea 12       		.uleb128 0x12
 567 02eb 67020000 		.4byte	.LASF36
 568 02ef 09       		.byte	0x9
 569 02f0 76       		.byte	0x76
 570 02f1 11       		.uleb128 0x11
 571 02f2 8D000000 		.4byte	0x8d
 572 02f6 00       		.byte	0
 573 02f7 00       		.byte	0
 574              		.section	.debug_abbrev,"",%progbits
 575              	.Ldebug_abbrev0:
 576 0000 01       		.uleb128 0x1
 577 0001 11       		.uleb128 0x11
 578 0002 01       		.byte	0x1
 579 0003 25       		.uleb128 0x25
 580 0004 0E       		.uleb128 0xe
 581 0005 13       		.uleb128 0x13
 582 0006 0B       		.uleb128 0xb
 583 0007 03       		.uleb128 0x3
 584 0008 0E       		.uleb128 0xe
 585 0009 1B       		.uleb128 0x1b
 586 000a 0E       		.uleb128 0xe
 587 000b 55       		.uleb128 0x55
 588 000c 17       		.uleb128 0x17
 589 000d 11       		.uleb128 0x11
 590 000e 01       		.uleb128 0x1
 591 000f 10       		.uleb128 0x10
 592 0010 17       		.uleb128 0x17
 593 0011 00       		.byte	0
 594 0012 00       		.byte	0
 595 0013 02       		.uleb128 0x2
 596 0014 24       		.uleb128 0x24
 597 0015 00       		.byte	0
 598 0016 0B       		.uleb128 0xb
 599 0017 0B       		.uleb128 0xb
 600 0018 3E       		.uleb128 0x3e
 601 0019 0B       		.uleb128 0xb
 602 001a 03       		.uleb128 0x3
 603 001b 0E       		.uleb128 0xe
 604 001c 00       		.byte	0
 605 001d 00       		.byte	0
 606 001e 03       		.uleb128 0x3
 607 001f 16       		.uleb128 0x16
 608 0020 00       		.byte	0
 609 0021 03       		.uleb128 0x3
 610 0022 0E       		.uleb128 0xe
 611 0023 3A       		.uleb128 0x3a
 612 0024 0B       		.uleb128 0xb
ARM GAS  C:\Users\NGUYEN~1\AppData\Local\Temp\cclniOvw.s 			page 13


 613 0025 3B       		.uleb128 0x3b
 614 0026 0B       		.uleb128 0xb
 615 0027 49       		.uleb128 0x49
 616 0028 13       		.uleb128 0x13
 617 0029 00       		.byte	0
 618 002a 00       		.byte	0
 619 002b 04       		.uleb128 0x4
 620 002c 24       		.uleb128 0x24
 621 002d 00       		.byte	0
 622 002e 0B       		.uleb128 0xb
 623 002f 0B       		.uleb128 0xb
 624 0030 3E       		.uleb128 0x3e
 625 0031 0B       		.uleb128 0xb
 626 0032 03       		.uleb128 0x3
 627 0033 08       		.uleb128 0x8
 628 0034 00       		.byte	0
 629 0035 00       		.byte	0
 630 0036 05       		.uleb128 0x5
 631 0037 16       		.uleb128 0x16
 632 0038 00       		.byte	0
 633 0039 03       		.uleb128 0x3
 634 003a 0E       		.uleb128 0xe
 635 003b 3A       		.uleb128 0x3a
 636 003c 0B       		.uleb128 0xb
 637 003d 3B       		.uleb128 0x3b
 638 003e 05       		.uleb128 0x5
 639 003f 49       		.uleb128 0x49
 640 0040 13       		.uleb128 0x13
 641 0041 00       		.byte	0
 642 0042 00       		.byte	0
 643 0043 06       		.uleb128 0x6
 644 0044 2E       		.uleb128 0x2e
 645 0045 01       		.byte	0x1
 646 0046 3F       		.uleb128 0x3f
 647 0047 19       		.uleb128 0x19
 648 0048 03       		.uleb128 0x3
 649 0049 0E       		.uleb128 0xe
 650 004a 3A       		.uleb128 0x3a
 651 004b 0B       		.uleb128 0xb
 652 004c 3B       		.uleb128 0x3b
 653 004d 0B       		.uleb128 0xb
 654 004e 11       		.uleb128 0x11
 655 004f 01       		.uleb128 0x1
 656 0050 12       		.uleb128 0x12
 657 0051 06       		.uleb128 0x6
 658 0052 40       		.uleb128 0x40
 659 0053 18       		.uleb128 0x18
 660 0054 9742     		.uleb128 0x2117
 661 0056 19       		.uleb128 0x19
 662 0057 01       		.uleb128 0x1
 663 0058 13       		.uleb128 0x13
 664 0059 00       		.byte	0
 665 005a 00       		.byte	0
 666 005b 07       		.uleb128 0x7
 667 005c 898201   		.uleb128 0x4109
 668 005f 00       		.byte	0
 669 0060 11       		.uleb128 0x11
ARM GAS  C:\Users\NGUYEN~1\AppData\Local\Temp\cclniOvw.s 			page 14


 670 0061 01       		.uleb128 0x1
 671 0062 31       		.uleb128 0x31
 672 0063 13       		.uleb128 0x13
 673 0064 00       		.byte	0
 674 0065 00       		.byte	0
 675 0066 08       		.uleb128 0x8
 676 0067 2E       		.uleb128 0x2e
 677 0068 01       		.byte	0x1
 678 0069 3F       		.uleb128 0x3f
 679 006a 19       		.uleb128 0x19
 680 006b 03       		.uleb128 0x3
 681 006c 0E       		.uleb128 0xe
 682 006d 3A       		.uleb128 0x3a
 683 006e 0B       		.uleb128 0xb
 684 006f 3B       		.uleb128 0x3b
 685 0070 0B       		.uleb128 0xb
 686 0071 27       		.uleb128 0x27
 687 0072 19       		.uleb128 0x19
 688 0073 11       		.uleb128 0x11
 689 0074 01       		.uleb128 0x1
 690 0075 12       		.uleb128 0x12
 691 0076 06       		.uleb128 0x6
 692 0077 40       		.uleb128 0x40
 693 0078 18       		.uleb128 0x18
 694 0079 9742     		.uleb128 0x2117
 695 007b 19       		.uleb128 0x19
 696 007c 01       		.uleb128 0x1
 697 007d 13       		.uleb128 0x13
 698 007e 00       		.byte	0
 699 007f 00       		.byte	0
 700 0080 09       		.uleb128 0x9
 701 0081 05       		.uleb128 0x5
 702 0082 00       		.byte	0
 703 0083 03       		.uleb128 0x3
 704 0084 0E       		.uleb128 0xe
 705 0085 3A       		.uleb128 0x3a
 706 0086 0B       		.uleb128 0xb
 707 0087 3B       		.uleb128 0x3b
 708 0088 0B       		.uleb128 0xb
 709 0089 49       		.uleb128 0x49
 710 008a 13       		.uleb128 0x13
 711 008b 02       		.uleb128 0x2
 712 008c 17       		.uleb128 0x17
 713 008d 00       		.byte	0
 714 008e 00       		.byte	0
 715 008f 0A       		.uleb128 0xa
 716 0090 898201   		.uleb128 0x4109
 717 0093 01       		.byte	0x1
 718 0094 11       		.uleb128 0x11
 719 0095 01       		.uleb128 0x1
 720 0096 31       		.uleb128 0x31
 721 0097 13       		.uleb128 0x13
 722 0098 01       		.uleb128 0x1
 723 0099 13       		.uleb128 0x13
 724 009a 00       		.byte	0
 725 009b 00       		.byte	0
 726 009c 0B       		.uleb128 0xb
ARM GAS  C:\Users\NGUYEN~1\AppData\Local\Temp\cclniOvw.s 			page 15


 727 009d 8A8201   		.uleb128 0x410a
 728 00a0 00       		.byte	0
 729 00a1 02       		.uleb128 0x2
 730 00a2 18       		.uleb128 0x18
 731 00a3 9142     		.uleb128 0x2111
 732 00a5 18       		.uleb128 0x18
 733 00a6 00       		.byte	0
 734 00a7 00       		.byte	0
 735 00a8 0C       		.uleb128 0xc
 736 00a9 898201   		.uleb128 0x4109
 737 00ac 01       		.byte	0x1
 738 00ad 11       		.uleb128 0x11
 739 00ae 01       		.uleb128 0x1
 740 00af 31       		.uleb128 0x31
 741 00b0 13       		.uleb128 0x13
 742 00b1 00       		.byte	0
 743 00b2 00       		.byte	0
 744 00b3 0D       		.uleb128 0xd
 745 00b4 34       		.uleb128 0x34
 746 00b5 00       		.byte	0
 747 00b6 03       		.uleb128 0x3
 748 00b7 0E       		.uleb128 0xe
 749 00b8 3A       		.uleb128 0x3a
 750 00b9 0B       		.uleb128 0xb
 751 00ba 3B       		.uleb128 0x3b
 752 00bb 05       		.uleb128 0x5
 753 00bc 49       		.uleb128 0x49
 754 00bd 13       		.uleb128 0x13
 755 00be 3F       		.uleb128 0x3f
 756 00bf 19       		.uleb128 0x19
 757 00c0 3C       		.uleb128 0x3c
 758 00c1 19       		.uleb128 0x19
 759 00c2 00       		.byte	0
 760 00c3 00       		.byte	0
 761 00c4 0E       		.uleb128 0xe
 762 00c5 35       		.uleb128 0x35
 763 00c6 00       		.byte	0
 764 00c7 49       		.uleb128 0x49
 765 00c8 13       		.uleb128 0x13
 766 00c9 00       		.byte	0
 767 00ca 00       		.byte	0
 768 00cb 0F       		.uleb128 0xf
 769 00cc 2E       		.uleb128 0x2e
 770 00cd 00       		.byte	0
 771 00ce 3F       		.uleb128 0x3f
 772 00cf 19       		.uleb128 0x19
 773 00d0 03       		.uleb128 0x3
 774 00d1 0E       		.uleb128 0xe
 775 00d2 3A       		.uleb128 0x3a
 776 00d3 0B       		.uleb128 0xb
 777 00d4 3B       		.uleb128 0x3b
 778 00d5 0B       		.uleb128 0xb
 779 00d6 27       		.uleb128 0x27
 780 00d7 19       		.uleb128 0x19
 781 00d8 3C       		.uleb128 0x3c
 782 00d9 19       		.uleb128 0x19
 783 00da 00       		.byte	0
ARM GAS  C:\Users\NGUYEN~1\AppData\Local\Temp\cclniOvw.s 			page 16


 784 00db 00       		.byte	0
 785 00dc 10       		.uleb128 0x10
 786 00dd 2E       		.uleb128 0x2e
 787 00de 01       		.byte	0x1
 788 00df 3F       		.uleb128 0x3f
 789 00e0 19       		.uleb128 0x19
 790 00e1 03       		.uleb128 0x3
 791 00e2 0E       		.uleb128 0xe
 792 00e3 3A       		.uleb128 0x3a
 793 00e4 0B       		.uleb128 0xb
 794 00e5 3B       		.uleb128 0x3b
 795 00e6 0B       		.uleb128 0xb
 796 00e7 27       		.uleb128 0x27
 797 00e8 19       		.uleb128 0x19
 798 00e9 3C       		.uleb128 0x3c
 799 00ea 19       		.uleb128 0x19
 800 00eb 01       		.uleb128 0x1
 801 00ec 13       		.uleb128 0x13
 802 00ed 00       		.byte	0
 803 00ee 00       		.byte	0
 804 00ef 11       		.uleb128 0x11
 805 00f0 05       		.uleb128 0x5
 806 00f1 00       		.byte	0
 807 00f2 49       		.uleb128 0x49
 808 00f3 13       		.uleb128 0x13
 809 00f4 00       		.byte	0
 810 00f5 00       		.byte	0
 811 00f6 12       		.uleb128 0x12
 812 00f7 2E       		.uleb128 0x2e
 813 00f8 01       		.byte	0x1
 814 00f9 3F       		.uleb128 0x3f
 815 00fa 19       		.uleb128 0x19
 816 00fb 03       		.uleb128 0x3
 817 00fc 0E       		.uleb128 0xe
 818 00fd 3A       		.uleb128 0x3a
 819 00fe 0B       		.uleb128 0xb
 820 00ff 3B       		.uleb128 0x3b
 821 0100 0B       		.uleb128 0xb
 822 0101 27       		.uleb128 0x27
 823 0102 19       		.uleb128 0x19
 824 0103 3C       		.uleb128 0x3c
 825 0104 19       		.uleb128 0x19
 826 0105 00       		.byte	0
 827 0106 00       		.byte	0
 828 0107 00       		.byte	0
 829              		.section	.debug_loc,"",%progbits
 830              	.Ldebug_loc0:
 831              	.LLST0:
 832 0000 00000000 		.4byte	.LVL2
 833 0004 08000000 		.4byte	.LVL3
 834 0008 0100     		.2byte	0x1
 835 000a 50       		.byte	0x50
 836 000b 08000000 		.4byte	.LVL3
 837 000f 26000000 		.4byte	.LFE65
 838 0013 0400     		.2byte	0x4
 839 0015 F3       		.byte	0xf3
 840 0016 01       		.uleb128 0x1
ARM GAS  C:\Users\NGUYEN~1\AppData\Local\Temp\cclniOvw.s 			page 17


 841 0017 50       		.byte	0x50
 842 0018 9F       		.byte	0x9f
 843 0019 00000000 		.4byte	0
 844 001d 00000000 		.4byte	0
 845              	.LLST1:
 846 0021 00000000 		.4byte	.LVL2
 847 0025 0B000000 		.4byte	.LVL4-1
 848 0029 0100     		.2byte	0x1
 849 002b 51       		.byte	0x51
 850 002c 0B000000 		.4byte	.LVL4-1
 851 0030 26000000 		.4byte	.LFE65
 852 0034 0100     		.2byte	0x1
 853 0036 55       		.byte	0x55
 854 0037 00000000 		.4byte	0
 855 003b 00000000 		.4byte	0
 856              	.LLST2:
 857 003f 00000000 		.4byte	.LVL9
 858 0043 09000000 		.4byte	.LVL10-1
 859 0047 0100     		.2byte	0x1
 860 0049 50       		.byte	0x50
 861 004a 09000000 		.4byte	.LVL10-1
 862 004e 18000000 		.4byte	.LFE66
 863 0052 0400     		.2byte	0x4
 864 0054 F3       		.byte	0xf3
 865 0055 01       		.uleb128 0x1
 866 0056 50       		.byte	0x50
 867 0057 9F       		.byte	0x9f
 868 0058 00000000 		.4byte	0
 869 005c 00000000 		.4byte	0
 870              	.LLST3:
 871 0060 00000000 		.4byte	.LVL9
 872 0064 09000000 		.4byte	.LVL10-1
 873 0068 0100     		.2byte	0x1
 874 006a 51       		.byte	0x51
 875 006b 09000000 		.4byte	.LVL10-1
 876 006f 18000000 		.4byte	.LFE66
 877 0073 0400     		.2byte	0x4
 878 0075 F3       		.byte	0xf3
 879 0076 01       		.uleb128 0x1
 880 0077 51       		.byte	0x51
 881 0078 9F       		.byte	0x9f
 882 0079 00000000 		.4byte	0
 883 007d 00000000 		.4byte	0
 884              	.LLST4:
 885 0081 00000000 		.4byte	.LVL9
 886 0085 09000000 		.4byte	.LVL10-1
 887 0089 0100     		.2byte	0x1
 888 008b 52       		.byte	0x52
 889 008c 09000000 		.4byte	.LVL10-1
 890 0090 18000000 		.4byte	.LFE66
 891 0094 0100     		.2byte	0x1
 892 0096 54       		.byte	0x54
 893 0097 00000000 		.4byte	0
 894 009b 00000000 		.4byte	0
 895              	.LLST5:
 896 009f 00000000 		.4byte	.LVL13
 897 00a3 08000000 		.4byte	.LVL14
ARM GAS  C:\Users\NGUYEN~1\AppData\Local\Temp\cclniOvw.s 			page 18


 898 00a7 0100     		.2byte	0x1
 899 00a9 50       		.byte	0x50
 900 00aa 08000000 		.4byte	.LVL14
 901 00ae 26000000 		.4byte	.LFE67
 902 00b2 0400     		.2byte	0x4
 903 00b4 F3       		.byte	0xf3
 904 00b5 01       		.uleb128 0x1
 905 00b6 50       		.byte	0x50
 906 00b7 9F       		.byte	0x9f
 907 00b8 00000000 		.4byte	0
 908 00bc 00000000 		.4byte	0
 909              	.LLST6:
 910 00c0 00000000 		.4byte	.LVL13
 911 00c4 0B000000 		.4byte	.LVL15-1
 912 00c8 0100     		.2byte	0x1
 913 00ca 51       		.byte	0x51
 914 00cb 0B000000 		.4byte	.LVL15-1
 915 00cf 26000000 		.4byte	.LFE67
 916 00d3 0100     		.2byte	0x1
 917 00d5 55       		.byte	0x55
 918 00d6 00000000 		.4byte	0
 919 00da 00000000 		.4byte	0
 920              		.section	.debug_aranges,"",%progbits
 921 0000 3C000000 		.4byte	0x3c
 922 0004 0200     		.2byte	0x2
 923 0006 00000000 		.4byte	.Ldebug_info0
 924 000a 04       		.byte	0x4
 925 000b 00       		.byte	0
 926 000c 0000     		.2byte	0
 927 000e 0000     		.2byte	0
 928 0010 00000000 		.4byte	.LFB63
 929 0014 08000000 		.4byte	.LFE63-.LFB63
 930 0018 00000000 		.4byte	.LFB64
 931 001c 08000000 		.4byte	.LFE64-.LFB64
 932 0020 00000000 		.4byte	.LFB65
 933 0024 26000000 		.4byte	.LFE65-.LFB65
 934 0028 00000000 		.4byte	.LFB66
 935 002c 18000000 		.4byte	.LFE66-.LFB66
 936 0030 00000000 		.4byte	.LFB67
 937 0034 26000000 		.4byte	.LFE67-.LFB67
 938 0038 00000000 		.4byte	0
 939 003c 00000000 		.4byte	0
 940              		.section	.debug_ranges,"",%progbits
 941              	.Ldebug_ranges0:
 942 0000 00000000 		.4byte	.LFB63
 943 0004 08000000 		.4byte	.LFE63
 944 0008 00000000 		.4byte	.LFB64
 945 000c 08000000 		.4byte	.LFE64
 946 0010 00000000 		.4byte	.LFB65
 947 0014 26000000 		.4byte	.LFE65
 948 0018 00000000 		.4byte	.LFB66
 949 001c 18000000 		.4byte	.LFE66
 950 0020 00000000 		.4byte	.LFB67
 951 0024 26000000 		.4byte	.LFE67
 952 0028 00000000 		.4byte	0
 953 002c 00000000 		.4byte	0
 954              		.section	.debug_line,"",%progbits
ARM GAS  C:\Users\NGUYEN~1\AppData\Local\Temp\cclniOvw.s 			page 19


 955              	.Ldebug_line0:
 956 0000 10020000 		.section	.debug_str,"MS",%progbits,1
 956      0200AF01 
 956      00000201 
 956      FB0E0D00 
 956      01010101 
 957              	.LASF9:
 958 0000 5F5F696E 		.ascii	"__int32_t\000"
 958      7433325F 
 958      7400
 959              	.LASF25:
 960 000a 6D6F746F 		.ascii	"motor_backward\000"
 960      725F6261 
 960      636B7761 
 960      726400
 961              	.LASF24:
 962 0019 725F7370 		.ascii	"r_speed\000"
 962      65656400 
 963              	.LASF29:
 964 0021 4D6F746F 		.ascii	"MotorDirRight_Write\000"
 964      72446972 
 964      52696768 
 964      745F5772 
 964      69746500 
 965              	.LASF11:
 966 0035 75696E74 		.ascii	"uint8\000"
 966      3800
 967              	.LASF10:
 968 003b 696E7433 		.ascii	"int32_t\000"
 968      325F7400 
 969              	.LASF13:
 970 0043 666C6F61 		.ascii	"float\000"
 970      7400
 971              	.LASF0:
 972 0049 7369676E 		.ascii	"signed char\000"
 972      65642063 
 972      68617200 
 973              	.LASF20:
 974 0055 64656C61 		.ascii	"delay\000"
 974      7900
 975              	.LASF1:
 976 005b 756E7369 		.ascii	"unsigned char\000"
 976      676E6564 
 976      20636861 
 976      7200
 977              	.LASF34:
 978 0069 443A5C4D 		.ascii	"D:\\Metropolia UAS\\Intro Programming\\Git\\Repo\\Z"
 978      6574726F 
 978      706F6C69 
 978      61205541 
 978      535C496E 
 979 0097 756D6F35 		.ascii	"umo5\\ZumoBot.cydsn\000"
 979      5C5A756D 
 979      6F426F74 
 979      2E637964 
 979      736E00
 980              	.LASF5:
ARM GAS  C:\Users\NGUYEN~1\AppData\Local\Temp\cclniOvw.s 			page 20


 981 00aa 6C6F6E67 		.ascii	"long unsigned int\000"
 981      20756E73 
 981      69676E65 
 981      6420696E 
 981      7400
 982              	.LASF28:
 983 00bc 4D6F746F 		.ascii	"MotorDirLeft_Write\000"
 983      72446972 
 983      4C656674 
 983      5F577269 
 983      746500
 984              	.LASF35:
 985 00cf 49544D5F 		.ascii	"ITM_RxBuffer\000"
 985      52784275 
 985      66666572 
 985      00
 986              	.LASF21:
 987 00dc 6D6F746F 		.ascii	"motor_forward\000"
 987      725F666F 
 987      72776172 
 987      6400
 988              	.LASF14:
 989 00ea 646F7562 		.ascii	"double\000"
 989      6C6500
 990              	.LASF18:
 991 00f1 6D6F746F 		.ascii	"motor_stop\000"
 991      725F7374 
 991      6F7000
 992              	.LASF33:
 993 00fc 5A756D6F 		.ascii	"ZumoLibrary\\Motor.c\000"
 993      4C696272 
 993      6172795C 
 993      4D6F746F 
 993      722E6300 
 994              	.LASF12:
 995 0110 75696E74 		.ascii	"uint32\000"
 995      333200
 996              	.LASF32:
 997 0117 474E5520 		.ascii	"GNU C 4.9.3 20150303 (release) [ARM/embedded-4_9-br"
 997      4320342E 
 997      392E3320 
 997      32303135 
 997      30333033 
 998 014a 616E6368 		.ascii	"anch revision 221220] -mcpu=cortex-m3 -mthumb -g -O"
 998      20726576 
 998      6973696F 
 998      6E203232 
 998      31323230 
 999 017d 67202D66 		.ascii	"g -ffunction-sections -ffat-lto-objects\000"
 999      66756E63 
 999      74696F6E 
 999      2D736563 
 999      74696F6E 
 1000              	.LASF8:
 1001 01a5 756E7369 		.ascii	"unsigned int\000"
 1001      676E6564 
 1001      20696E74 
ARM GAS  C:\Users\NGUYEN~1\AppData\Local\Temp\cclniOvw.s 			page 21


 1001      00
 1002              	.LASF23:
 1003 01b2 6C5F7370 		.ascii	"l_speed\000"
 1003      65656400 
 1004              	.LASF7:
 1005 01ba 6C6F6E67 		.ascii	"long long unsigned int\000"
 1005      206C6F6E 
 1005      6720756E 
 1005      7369676E 
 1005      65642069 
 1006              	.LASF17:
 1007 01d1 6D6F746F 		.ascii	"motor_start\000"
 1007      725F7374 
 1007      61727400 
 1008              	.LASF30:
 1009 01dd 50574D5F 		.ascii	"PWM_WriteCompare1\000"
 1009      57726974 
 1009      65436F6D 
 1009      70617265 
 1009      3100
 1010              	.LASF31:
 1011 01ef 50574D5F 		.ascii	"PWM_WriteCompare2\000"
 1011      57726974 
 1011      65436F6D 
 1011      70617265 
 1011      3200
 1012              	.LASF19:
 1013 0201 73706565 		.ascii	"speed\000"
 1013      6400
 1014              	.LASF16:
 1015 0207 73697A65 		.ascii	"sizetype\000"
 1015      74797065 
 1015      00
 1016              	.LASF6:
 1017 0210 6C6F6E67 		.ascii	"long long int\000"
 1017      206C6F6E 
 1017      6720696E 
 1017      7400
 1018              	.LASF15:
 1019 021e 63686172 		.ascii	"char\000"
 1019      00
 1020              	.LASF2:
 1021 0223 73686F72 		.ascii	"short int\000"
 1021      7420696E 
 1021      7400
 1022              	.LASF26:
 1023 022d 50574D5F 		.ascii	"PWM_Start\000"
 1023      53746172 
 1023      7400
 1024              	.LASF27:
 1025 0237 50574D5F 		.ascii	"PWM_Stop\000"
 1025      53746F70 
 1025      00
 1026              	.LASF4:
 1027 0240 6C6F6E67 		.ascii	"long int\000"
 1027      20696E74 
 1027      00
ARM GAS  C:\Users\NGUYEN~1\AppData\Local\Temp\cclniOvw.s 			page 22


 1028              	.LASF22:
 1029 0249 6D6F746F 		.ascii	"motor_turn\000"
 1029      725F7475 
 1029      726E00
 1030              	.LASF3:
 1031 0254 73686F72 		.ascii	"short unsigned int\000"
 1031      7420756E 
 1031      7369676E 
 1031      65642069 
 1031      6E7400
 1032              	.LASF36:
 1033 0267 43794465 		.ascii	"CyDelay\000"
 1033      6C617900 
 1034              		.ident	"GCC: (GNU Tools for ARM Embedded Processors) 4.9.3 20150303 (release) [ARM/embedded-4_9-br
=======
 203              		.loc 1 72 0
 204 001e 2846     		mov	r0, r5
 205 0020 FFF7FEFF 		bl	CyDelay
 206              	.LVL23:
 207 0024 38BD     		pop	{r3, r4, r5, pc}
 208              		.cfi_endproc
 209              	.LFE67:
 210              		.size	motor_backward, .-motor_backward
 211 0026 00BF     		.text
 212              	.Letext0:
ARM GAS  C:\Users\asentaja\AppData\Local\Temp\ccHtLfwu.s 			page 6


 213              		.file 2 "c:\\program files (x86)\\cypress\\psoc creator\\4.0\\psoc creator\\import\\gnu\\arm\\4.9.
 214              		.file 3 "c:\\program files (x86)\\cypress\\psoc creator\\4.0\\psoc creator\\import\\gnu\\arm\\4.9.
 215              		.file 4 "Generated_Source\\PSoC5/cytypes.h"
 216              		.file 5 "Generated_Source\\PSoC5/PWM.h"
 217              		.file 6 "Generated_Source\\PSoC5/MotorDirLeft.h"
 218              		.file 7 "Generated_Source\\PSoC5/MotorDirRight.h"
 219              		.file 8 "Generated_Source\\PSoC5/core_cm3.h"
 220              		.file 9 "Generated_Source\\PSoC5/CyLib.h"
 221              		.section	.debug_info,"",%progbits
 222              	.Ldebug_info0:
 223 0000 E9020000 		.4byte	0x2e9
 224 0004 0400     		.2byte	0x4
 225 0006 00000000 		.4byte	.Ldebug_abbrev0
 226 000a 04       		.byte	0x4
 227 000b 01       		.uleb128 0x1
 228 000c D6000000 		.4byte	.LASF32
 229 0010 01       		.byte	0x1
 230 0011 BB000000 		.4byte	.LASF33
 231 0015 C0010000 		.4byte	.LASF34
 232 0019 00000000 		.4byte	.Ldebug_ranges0+0
 233 001d 00000000 		.4byte	0
 234 0021 00000000 		.4byte	.Ldebug_line0
 235 0025 02       		.uleb128 0x2
 236 0026 01       		.byte	0x1
 237 0027 06       		.byte	0x6
 238 0028 49000000 		.4byte	.LASF0
 239 002c 02       		.uleb128 0x2
 240 002d 01       		.byte	0x1
 241 002e 08       		.byte	0x8
 242 002f 5B000000 		.4byte	.LASF1
 243 0033 02       		.uleb128 0x2
 244 0034 02       		.byte	0x2
 245 0035 05       		.byte	0x5
 246 0036 22020000 		.4byte	.LASF2
 247 003a 02       		.uleb128 0x2
 248 003b 02       		.byte	0x2
 249 003c 07       		.byte	0x7
 250 003d 53020000 		.4byte	.LASF3
 251 0041 03       		.uleb128 0x3
 252 0042 00000000 		.4byte	.LASF9
 253 0046 02       		.byte	0x2
 254 0047 3F       		.byte	0x3f
 255 0048 4C000000 		.4byte	0x4c
 256 004c 02       		.uleb128 0x2
 257 004d 04       		.byte	0x4
 258 004e 05       		.byte	0x5
 259 004f 3F020000 		.4byte	.LASF4
 260 0053 02       		.uleb128 0x2
 261 0054 04       		.byte	0x4
 262 0055 07       		.byte	0x7
 263 0056 69000000 		.4byte	.LASF5
 264 005a 02       		.uleb128 0x2
 265 005b 08       		.byte	0x8
 266 005c 05       		.byte	0x5
 267 005d 0F020000 		.4byte	.LASF6
 268 0061 02       		.uleb128 0x2
 269 0062 08       		.byte	0x8
ARM GAS  C:\Users\asentaja\AppData\Local\Temp\ccHtLfwu.s 			page 7


 270 0063 07       		.byte	0x7
 271 0064 79010000 		.4byte	.LASF7
 272 0068 04       		.uleb128 0x4
 273 0069 04       		.byte	0x4
 274 006a 05       		.byte	0x5
 275 006b 696E7400 		.ascii	"int\000"
 276 006f 02       		.uleb128 0x2
 277 0070 04       		.byte	0x4
 278 0071 07       		.byte	0x7
 279 0072 64010000 		.4byte	.LASF8
 280 0076 03       		.uleb128 0x3
 281 0077 3B000000 		.4byte	.LASF10
 282 007b 03       		.byte	0x3
 283 007c 2C       		.byte	0x2c
 284 007d 41000000 		.4byte	0x41
 285 0081 05       		.uleb128 0x5
 286 0082 35000000 		.4byte	.LASF11
 287 0086 04       		.byte	0x4
 288 0087 9201     		.2byte	0x192
 289 0089 2C000000 		.4byte	0x2c
 290 008d 05       		.uleb128 0x5
 291 008e CF000000 		.4byte	.LASF12
 292 0092 04       		.byte	0x4
 293 0093 9401     		.2byte	0x194
 294 0095 53000000 		.4byte	0x53
 295 0099 02       		.uleb128 0x2
 296 009a 04       		.byte	0x4
 297 009b 04       		.byte	0x4
 298 009c 43000000 		.4byte	.LASF13
 299 00a0 02       		.uleb128 0x2
 300 00a1 08       		.byte	0x8
 301 00a2 04       		.byte	0x4
 302 00a3 A9000000 		.4byte	.LASF14
 303 00a7 02       		.uleb128 0x2
 304 00a8 01       		.byte	0x1
 305 00a9 08       		.byte	0x8
 306 00aa 1D020000 		.4byte	.LASF15
 307 00ae 02       		.uleb128 0x2
 308 00af 04       		.byte	0x4
 309 00b0 07       		.byte	0x7
 310 00b1 06020000 		.4byte	.LASF16
 311 00b5 06       		.uleb128 0x6
 312 00b6 90010000 		.4byte	.LASF17
 313 00ba 01       		.byte	0x1
 314 00bb 0D       		.byte	0xd
 315 00bc 00000000 		.4byte	.LFB63
 316 00c0 08000000 		.4byte	.LFE63-.LFB63
 317 00c4 01       		.uleb128 0x1
 318 00c5 9C       		.byte	0x9c
 319 00c6 D4000000 		.4byte	0xd4
 320 00ca 07       		.uleb128 0x7
 321 00cb 06000000 		.4byte	.LVL0
 322 00cf 8D020000 		.4byte	0x28d
 323 00d3 00       		.byte	0
 324 00d4 06       		.uleb128 0x6
 325 00d5 B0000000 		.4byte	.LASF18
 326 00d9 01       		.byte	0x1
ARM GAS  C:\Users\asentaja\AppData\Local\Temp\ccHtLfwu.s 			page 8


 327 00da 17       		.byte	0x17
 328 00db 00000000 		.4byte	.LFB64
 329 00df 08000000 		.4byte	.LFE64-.LFB64
 330 00e3 01       		.uleb128 0x1
 331 00e4 9C       		.byte	0x9c
 332 00e5 F3000000 		.4byte	0xf3
 333 00e9 07       		.uleb128 0x7
 334 00ea 06000000 		.4byte	.LVL1
 335 00ee 94020000 		.4byte	0x294
 336 00f2 00       		.byte	0
 337 00f3 08       		.uleb128 0x8
 338 00f4 9B000000 		.4byte	.LASF21
 339 00f8 01       		.byte	0x1
 340 00f9 23       		.byte	0x23
 341 00fa 00000000 		.4byte	.LFB65
 342 00fe 48000000 		.4byte	.LFE65-.LFB65
 343 0102 01       		.uleb128 0x1
 344 0103 9C       		.byte	0x9c
 345 0104 7A010000 		.4byte	0x17a
 346 0108 09       		.uleb128 0x9
 347 0109 00020000 		.4byte	.LASF19
 348 010d 01       		.byte	0x1
 349 010e 23       		.byte	0x23
 350 010f 81000000 		.4byte	0x81
 351 0113 00000000 		.4byte	.LLST0
 352 0117 09       		.uleb128 0x9
 353 0118 55000000 		.4byte	.LASF20
 354 011c 01       		.byte	0x1
 355 011d 23       		.byte	0x23
 356 011e 8D000000 		.4byte	0x8d
 357 0122 21000000 		.4byte	.LLST1
 358 0126 0A       		.uleb128 0xa
 359 0127 0C000000 		.4byte	.LVL4
 360 012b 9B020000 		.4byte	0x29b
 361 012f 39010000 		.4byte	0x139
 362 0133 0B       		.uleb128 0xb
 363 0134 01       		.uleb128 0x1
 364 0135 50       		.byte	0x50
 365 0136 01       		.uleb128 0x1
 366 0137 30       		.byte	0x30
 367 0138 00       		.byte	0
 368 0139 0A       		.uleb128 0xa
 369 013a 12000000 		.4byte	.LVL5
 370 013e AC020000 		.4byte	0x2ac
 371 0142 4C010000 		.4byte	0x14c
 372 0146 0B       		.uleb128 0xb
 373 0147 01       		.uleb128 0x1
 374 0148 50       		.byte	0x50
 375 0149 01       		.uleb128 0x1
 376 014a 30       		.byte	0x30
 377 014b 00       		.byte	0
 378 014c 07       		.uleb128 0x7
 379 014d 2C000000 		.4byte	.LVL9
 380 0151 BD020000 		.4byte	0x2bd
 381 0155 0A       		.uleb128 0xa
 382 0156 32000000 		.4byte	.LVL10
 383 015a CE020000 		.4byte	0x2ce
ARM GAS  C:\Users\asentaja\AppData\Local\Temp\ccHtLfwu.s 			page 9


 384 015e 69010000 		.4byte	0x169
 385 0162 0B       		.uleb128 0xb
 386 0163 01       		.uleb128 0x1
 387 0164 50       		.byte	0x50
 388 0165 02       		.uleb128 0x2
 389 0166 74       		.byte	0x74
 390 0167 00       		.sleb128 0
 391 0168 00       		.byte	0
 392 0169 0C       		.uleb128 0xc
 393 016a 38000000 		.4byte	.LVL11
 394 016e DF020000 		.4byte	0x2df
 395 0172 0B       		.uleb128 0xb
 396 0173 01       		.uleb128 0x1
 397 0174 50       		.byte	0x50
 398 0175 02       		.uleb128 0x2
 399 0176 75       		.byte	0x75
 400 0177 00       		.sleb128 0
 401 0178 00       		.byte	0
 402 0179 00       		.byte	0
 403 017a 0D       		.uleb128 0xd
 404 017b 48020000 		.4byte	.LASF22
 405 017f 01       		.byte	0x1
 406 0180 34       		.byte	0x34
 407 0181 00000000 		.4byte	.LFB66
 408 0185 18000000 		.4byte	.LFE66-.LFB66
 409 0189 01       		.uleb128 0x1
 410 018a 9C       		.byte	0x9c
 411 018b EA010000 		.4byte	0x1ea
 412 018f 09       		.uleb128 0x9
 413 0190 71010000 		.4byte	.LASF23
 414 0194 01       		.byte	0x1
 415 0195 34       		.byte	0x34
 416 0196 81000000 		.4byte	0x81
 417 019a 4D000000 		.4byte	.LLST2
 418 019e 09       		.uleb128 0x9
 419 019f 19000000 		.4byte	.LASF24
 420 01a3 01       		.byte	0x1
 421 01a4 34       		.byte	0x34
 422 01a5 81000000 		.4byte	0x81
 423 01a9 6E000000 		.4byte	.LLST3
 424 01ad 09       		.uleb128 0x9
 425 01ae 55000000 		.4byte	.LASF20
 426 01b2 01       		.byte	0x1
 427 01b3 34       		.byte	0x34
 428 01b4 8D000000 		.4byte	0x8d
 429 01b8 8F000000 		.4byte	.LLST4
 430 01bc 07       		.uleb128 0x7
 431 01bd 0A000000 		.4byte	.LVL14
 432 01c1 BD020000 		.4byte	0x2bd
 433 01c5 0A       		.uleb128 0xa
 434 01c6 10000000 		.4byte	.LVL15
 435 01ca CE020000 		.4byte	0x2ce
 436 01ce D9010000 		.4byte	0x1d9
 437 01d2 0B       		.uleb128 0xb
 438 01d3 01       		.uleb128 0x1
 439 01d4 50       		.byte	0x50
 440 01d5 02       		.uleb128 0x2
ARM GAS  C:\Users\asentaja\AppData\Local\Temp\ccHtLfwu.s 			page 10


 441 01d6 75       		.byte	0x75
 442 01d7 00       		.sleb128 0
 443 01d8 00       		.byte	0
 444 01d9 0C       		.uleb128 0xc
 445 01da 16000000 		.4byte	.LVL16
 446 01de DF020000 		.4byte	0x2df
 447 01e2 0B       		.uleb128 0xb
 448 01e3 01       		.uleb128 0x1
 449 01e4 50       		.byte	0x50
 450 01e5 02       		.uleb128 0x2
 451 01e6 74       		.byte	0x74
 452 01e7 00       		.sleb128 0
 453 01e8 00       		.byte	0
 454 01e9 00       		.byte	0
 455 01ea 0D       		.uleb128 0xd
 456 01eb 0A000000 		.4byte	.LASF25
 457 01ef 01       		.byte	0x1
 458 01f0 42       		.byte	0x42
 459 01f1 00000000 		.4byte	.LFB67
 460 01f5 26000000 		.4byte	.LFE67-.LFB67
 461 01f9 01       		.uleb128 0x1
 462 01fa 9C       		.byte	0x9c
 463 01fb 7C020000 		.4byte	0x27c
 464 01ff 09       		.uleb128 0x9
 465 0200 00020000 		.4byte	.LASF19
 466 0204 01       		.byte	0x1
 467 0205 42       		.byte	0x42
 468 0206 81000000 		.4byte	0x81
 469 020a AD000000 		.4byte	.LLST5
 470 020e 09       		.uleb128 0x9
 471 020f 55000000 		.4byte	.LASF20
 472 0213 01       		.byte	0x1
 473 0214 42       		.byte	0x42
 474 0215 8D000000 		.4byte	0x8d
 475 0219 CE000000 		.4byte	.LLST6
 476 021d 0A       		.uleb128 0xa
 477 021e 0C000000 		.4byte	.LVL19
 478 0222 9B020000 		.4byte	0x29b
 479 0226 30020000 		.4byte	0x230
 480 022a 0B       		.uleb128 0xb
 481 022b 01       		.uleb128 0x1
 482 022c 50       		.byte	0x50
 483 022d 01       		.uleb128 0x1
 484 022e 31       		.byte	0x31
 485 022f 00       		.byte	0
 486 0230 0A       		.uleb128 0xa
 487 0231 12000000 		.4byte	.LVL20
 488 0235 AC020000 		.4byte	0x2ac
 489 0239 43020000 		.4byte	0x243
 490 023d 0B       		.uleb128 0xb
 491 023e 01       		.uleb128 0x1
 492 023f 50       		.byte	0x50
 493 0240 01       		.uleb128 0x1
 494 0241 31       		.byte	0x31
 495 0242 00       		.byte	0
 496 0243 0A       		.uleb128 0xa
 497 0244 18000000 		.4byte	.LVL21
ARM GAS  C:\Users\asentaja\AppData\Local\Temp\ccHtLfwu.s 			page 11


 498 0248 BD020000 		.4byte	0x2bd
 499 024c 57020000 		.4byte	0x257
 500 0250 0B       		.uleb128 0xb
 501 0251 01       		.uleb128 0x1
 502 0252 50       		.byte	0x50
 503 0253 02       		.uleb128 0x2
 504 0254 74       		.byte	0x74
 505 0255 00       		.sleb128 0
 506 0256 00       		.byte	0
 507 0257 0A       		.uleb128 0xa
 508 0258 1E000000 		.4byte	.LVL22
 509 025c CE020000 		.4byte	0x2ce
 510 0260 6B020000 		.4byte	0x26b
 511 0264 0B       		.uleb128 0xb
 512 0265 01       		.uleb128 0x1
 513 0266 50       		.byte	0x50
 514 0267 02       		.uleb128 0x2
 515 0268 74       		.byte	0x74
 516 0269 00       		.sleb128 0
 517 026a 00       		.byte	0
 518 026b 0C       		.uleb128 0xc
 519 026c 24000000 		.4byte	.LVL23
 520 0270 DF020000 		.4byte	0x2df
 521 0274 0B       		.uleb128 0xb
 522 0275 01       		.uleb128 0x1
 523 0276 50       		.byte	0x50
 524 0277 02       		.uleb128 0x2
 525 0278 75       		.byte	0x75
 526 0279 00       		.sleb128 0
 527 027a 00       		.byte	0
 528 027b 00       		.byte	0
 529 027c 0E       		.uleb128 0xe
 530 027d 8E000000 		.4byte	.LASF35
 531 0281 08       		.byte	0x8
 532 0282 9606     		.2byte	0x696
 533 0284 88020000 		.4byte	0x288
 534 0288 0F       		.uleb128 0xf
 535 0289 76000000 		.4byte	0x76
 536 028d 10       		.uleb128 0x10
 537 028e 2C020000 		.4byte	.LASF26
 538 0292 05       		.byte	0x5
 539 0293 92       		.byte	0x92
 540 0294 10       		.uleb128 0x10
 541 0295 36020000 		.4byte	.LASF27
 542 0299 05       		.byte	0x5
 543 029a 93       		.byte	0x93
 544 029b 11       		.uleb128 0x11
 545 029c 7B000000 		.4byte	.LASF28
 546 02a0 06       		.byte	0x6
 547 02a1 26       		.byte	0x26
 548 02a2 AC020000 		.4byte	0x2ac
 549 02a6 12       		.uleb128 0x12
 550 02a7 81000000 		.4byte	0x81
 551 02ab 00       		.byte	0
 552 02ac 11       		.uleb128 0x11
 553 02ad 21000000 		.4byte	.LASF29
 554 02b1 07       		.byte	0x7
ARM GAS  C:\Users\asentaja\AppData\Local\Temp\ccHtLfwu.s 			page 12


 555 02b2 26       		.byte	0x26
 556 02b3 BD020000 		.4byte	0x2bd
 557 02b7 12       		.uleb128 0x12
 558 02b8 81000000 		.4byte	0x81
 559 02bc 00       		.byte	0
 560 02bd 11       		.uleb128 0x11
 561 02be 9C010000 		.4byte	.LASF30
 562 02c2 05       		.byte	0x5
 563 02c3 C7       		.byte	0xc7
 564 02c4 CE020000 		.4byte	0x2ce
 565 02c8 12       		.uleb128 0x12
 566 02c9 81000000 		.4byte	0x81
 567 02cd 00       		.byte	0
 568 02ce 11       		.uleb128 0x11
 569 02cf AE010000 		.4byte	.LASF31
 570 02d3 05       		.byte	0x5
 571 02d4 CA       		.byte	0xca
 572 02d5 DF020000 		.4byte	0x2df
 573 02d9 12       		.uleb128 0x12
 574 02da 81000000 		.4byte	0x81
 575 02de 00       		.byte	0
 576 02df 13       		.uleb128 0x13
 577 02e0 66020000 		.4byte	.LASF36
 578 02e4 09       		.byte	0x9
 579 02e5 76       		.byte	0x76
 580 02e6 12       		.uleb128 0x12
 581 02e7 8D000000 		.4byte	0x8d
 582 02eb 00       		.byte	0
 583 02ec 00       		.byte	0
 584              		.section	.debug_abbrev,"",%progbits
 585              	.Ldebug_abbrev0:
 586 0000 01       		.uleb128 0x1
 587 0001 11       		.uleb128 0x11
 588 0002 01       		.byte	0x1
 589 0003 25       		.uleb128 0x25
 590 0004 0E       		.uleb128 0xe
 591 0005 13       		.uleb128 0x13
 592 0006 0B       		.uleb128 0xb
 593 0007 03       		.uleb128 0x3
 594 0008 0E       		.uleb128 0xe
 595 0009 1B       		.uleb128 0x1b
 596 000a 0E       		.uleb128 0xe
 597 000b 55       		.uleb128 0x55
 598 000c 17       		.uleb128 0x17
 599 000d 11       		.uleb128 0x11
 600 000e 01       		.uleb128 0x1
 601 000f 10       		.uleb128 0x10
 602 0010 17       		.uleb128 0x17
 603 0011 00       		.byte	0
 604 0012 00       		.byte	0
 605 0013 02       		.uleb128 0x2
 606 0014 24       		.uleb128 0x24
 607 0015 00       		.byte	0
 608 0016 0B       		.uleb128 0xb
 609 0017 0B       		.uleb128 0xb
 610 0018 3E       		.uleb128 0x3e
 611 0019 0B       		.uleb128 0xb
ARM GAS  C:\Users\asentaja\AppData\Local\Temp\ccHtLfwu.s 			page 13


 612 001a 03       		.uleb128 0x3
 613 001b 0E       		.uleb128 0xe
 614 001c 00       		.byte	0
 615 001d 00       		.byte	0
 616 001e 03       		.uleb128 0x3
 617 001f 16       		.uleb128 0x16
 618 0020 00       		.byte	0
 619 0021 03       		.uleb128 0x3
 620 0022 0E       		.uleb128 0xe
 621 0023 3A       		.uleb128 0x3a
 622 0024 0B       		.uleb128 0xb
 623 0025 3B       		.uleb128 0x3b
 624 0026 0B       		.uleb128 0xb
 625 0027 49       		.uleb128 0x49
 626 0028 13       		.uleb128 0x13
 627 0029 00       		.byte	0
 628 002a 00       		.byte	0
 629 002b 04       		.uleb128 0x4
 630 002c 24       		.uleb128 0x24
 631 002d 00       		.byte	0
 632 002e 0B       		.uleb128 0xb
 633 002f 0B       		.uleb128 0xb
 634 0030 3E       		.uleb128 0x3e
 635 0031 0B       		.uleb128 0xb
 636 0032 03       		.uleb128 0x3
 637 0033 08       		.uleb128 0x8
 638 0034 00       		.byte	0
 639 0035 00       		.byte	0
 640 0036 05       		.uleb128 0x5
 641 0037 16       		.uleb128 0x16
 642 0038 00       		.byte	0
 643 0039 03       		.uleb128 0x3
 644 003a 0E       		.uleb128 0xe
 645 003b 3A       		.uleb128 0x3a
 646 003c 0B       		.uleb128 0xb
 647 003d 3B       		.uleb128 0x3b
 648 003e 05       		.uleb128 0x5
 649 003f 49       		.uleb128 0x49
 650 0040 13       		.uleb128 0x13
 651 0041 00       		.byte	0
 652 0042 00       		.byte	0
 653 0043 06       		.uleb128 0x6
 654 0044 2E       		.uleb128 0x2e
 655 0045 01       		.byte	0x1
 656 0046 3F       		.uleb128 0x3f
 657 0047 19       		.uleb128 0x19
 658 0048 03       		.uleb128 0x3
 659 0049 0E       		.uleb128 0xe
 660 004a 3A       		.uleb128 0x3a
 661 004b 0B       		.uleb128 0xb
 662 004c 3B       		.uleb128 0x3b
 663 004d 0B       		.uleb128 0xb
 664 004e 11       		.uleb128 0x11
 665 004f 01       		.uleb128 0x1
 666 0050 12       		.uleb128 0x12
 667 0051 06       		.uleb128 0x6
 668 0052 40       		.uleb128 0x40
ARM GAS  C:\Users\asentaja\AppData\Local\Temp\ccHtLfwu.s 			page 14


 669 0053 18       		.uleb128 0x18
 670 0054 9742     		.uleb128 0x2117
 671 0056 19       		.uleb128 0x19
 672 0057 01       		.uleb128 0x1
 673 0058 13       		.uleb128 0x13
 674 0059 00       		.byte	0
 675 005a 00       		.byte	0
 676 005b 07       		.uleb128 0x7
 677 005c 898201   		.uleb128 0x4109
 678 005f 00       		.byte	0
 679 0060 11       		.uleb128 0x11
 680 0061 01       		.uleb128 0x1
 681 0062 31       		.uleb128 0x31
 682 0063 13       		.uleb128 0x13
 683 0064 00       		.byte	0
 684 0065 00       		.byte	0
 685 0066 08       		.uleb128 0x8
 686 0067 2E       		.uleb128 0x2e
 687 0068 01       		.byte	0x1
 688 0069 3F       		.uleb128 0x3f
 689 006a 19       		.uleb128 0x19
 690 006b 03       		.uleb128 0x3
 691 006c 0E       		.uleb128 0xe
 692 006d 3A       		.uleb128 0x3a
 693 006e 0B       		.uleb128 0xb
 694 006f 3B       		.uleb128 0x3b
 695 0070 0B       		.uleb128 0xb
 696 0071 27       		.uleb128 0x27
 697 0072 19       		.uleb128 0x19
 698 0073 11       		.uleb128 0x11
 699 0074 01       		.uleb128 0x1
 700 0075 12       		.uleb128 0x12
 701 0076 06       		.uleb128 0x6
 702 0077 40       		.uleb128 0x40
 703 0078 18       		.uleb128 0x18
 704 0079 9642     		.uleb128 0x2116
 705 007b 19       		.uleb128 0x19
 706 007c 01       		.uleb128 0x1
 707 007d 13       		.uleb128 0x13
 708 007e 00       		.byte	0
 709 007f 00       		.byte	0
 710 0080 09       		.uleb128 0x9
 711 0081 05       		.uleb128 0x5
 712 0082 00       		.byte	0
 713 0083 03       		.uleb128 0x3
 714 0084 0E       		.uleb128 0xe
 715 0085 3A       		.uleb128 0x3a
 716 0086 0B       		.uleb128 0xb
 717 0087 3B       		.uleb128 0x3b
 718 0088 0B       		.uleb128 0xb
 719 0089 49       		.uleb128 0x49
 720 008a 13       		.uleb128 0x13
 721 008b 02       		.uleb128 0x2
 722 008c 17       		.uleb128 0x17
 723 008d 00       		.byte	0
 724 008e 00       		.byte	0
 725 008f 0A       		.uleb128 0xa
ARM GAS  C:\Users\asentaja\AppData\Local\Temp\ccHtLfwu.s 			page 15


 726 0090 898201   		.uleb128 0x4109
 727 0093 01       		.byte	0x1
 728 0094 11       		.uleb128 0x11
 729 0095 01       		.uleb128 0x1
 730 0096 31       		.uleb128 0x31
 731 0097 13       		.uleb128 0x13
 732 0098 01       		.uleb128 0x1
 733 0099 13       		.uleb128 0x13
 734 009a 00       		.byte	0
 735 009b 00       		.byte	0
 736 009c 0B       		.uleb128 0xb
 737 009d 8A8201   		.uleb128 0x410a
 738 00a0 00       		.byte	0
 739 00a1 02       		.uleb128 0x2
 740 00a2 18       		.uleb128 0x18
 741 00a3 9142     		.uleb128 0x2111
 742 00a5 18       		.uleb128 0x18
 743 00a6 00       		.byte	0
 744 00a7 00       		.byte	0
 745 00a8 0C       		.uleb128 0xc
 746 00a9 898201   		.uleb128 0x4109
 747 00ac 01       		.byte	0x1
 748 00ad 11       		.uleb128 0x11
 749 00ae 01       		.uleb128 0x1
 750 00af 31       		.uleb128 0x31
 751 00b0 13       		.uleb128 0x13
 752 00b1 00       		.byte	0
 753 00b2 00       		.byte	0
 754 00b3 0D       		.uleb128 0xd
 755 00b4 2E       		.uleb128 0x2e
 756 00b5 01       		.byte	0x1
 757 00b6 3F       		.uleb128 0x3f
 758 00b7 19       		.uleb128 0x19
 759 00b8 03       		.uleb128 0x3
 760 00b9 0E       		.uleb128 0xe
 761 00ba 3A       		.uleb128 0x3a
 762 00bb 0B       		.uleb128 0xb
 763 00bc 3B       		.uleb128 0x3b
 764 00bd 0B       		.uleb128 0xb
 765 00be 27       		.uleb128 0x27
 766 00bf 19       		.uleb128 0x19
 767 00c0 11       		.uleb128 0x11
 768 00c1 01       		.uleb128 0x1
 769 00c2 12       		.uleb128 0x12
 770 00c3 06       		.uleb128 0x6
 771 00c4 40       		.uleb128 0x40
 772 00c5 18       		.uleb128 0x18
 773 00c6 9742     		.uleb128 0x2117
 774 00c8 19       		.uleb128 0x19
 775 00c9 01       		.uleb128 0x1
 776 00ca 13       		.uleb128 0x13
 777 00cb 00       		.byte	0
 778 00cc 00       		.byte	0
 779 00cd 0E       		.uleb128 0xe
 780 00ce 34       		.uleb128 0x34
 781 00cf 00       		.byte	0
 782 00d0 03       		.uleb128 0x3
ARM GAS  C:\Users\asentaja\AppData\Local\Temp\ccHtLfwu.s 			page 16


 783 00d1 0E       		.uleb128 0xe
 784 00d2 3A       		.uleb128 0x3a
 785 00d3 0B       		.uleb128 0xb
 786 00d4 3B       		.uleb128 0x3b
 787 00d5 05       		.uleb128 0x5
 788 00d6 49       		.uleb128 0x49
 789 00d7 13       		.uleb128 0x13
 790 00d8 3F       		.uleb128 0x3f
 791 00d9 19       		.uleb128 0x19
 792 00da 3C       		.uleb128 0x3c
 793 00db 19       		.uleb128 0x19
 794 00dc 00       		.byte	0
 795 00dd 00       		.byte	0
 796 00de 0F       		.uleb128 0xf
 797 00df 35       		.uleb128 0x35
 798 00e0 00       		.byte	0
 799 00e1 49       		.uleb128 0x49
 800 00e2 13       		.uleb128 0x13
 801 00e3 00       		.byte	0
 802 00e4 00       		.byte	0
 803 00e5 10       		.uleb128 0x10
 804 00e6 2E       		.uleb128 0x2e
 805 00e7 00       		.byte	0
 806 00e8 3F       		.uleb128 0x3f
 807 00e9 19       		.uleb128 0x19
 808 00ea 03       		.uleb128 0x3
 809 00eb 0E       		.uleb128 0xe
 810 00ec 3A       		.uleb128 0x3a
 811 00ed 0B       		.uleb128 0xb
 812 00ee 3B       		.uleb128 0x3b
 813 00ef 0B       		.uleb128 0xb
 814 00f0 27       		.uleb128 0x27
 815 00f1 19       		.uleb128 0x19
 816 00f2 3C       		.uleb128 0x3c
 817 00f3 19       		.uleb128 0x19
 818 00f4 00       		.byte	0
 819 00f5 00       		.byte	0
 820 00f6 11       		.uleb128 0x11
 821 00f7 2E       		.uleb128 0x2e
 822 00f8 01       		.byte	0x1
 823 00f9 3F       		.uleb128 0x3f
 824 00fa 19       		.uleb128 0x19
 825 00fb 03       		.uleb128 0x3
 826 00fc 0E       		.uleb128 0xe
 827 00fd 3A       		.uleb128 0x3a
 828 00fe 0B       		.uleb128 0xb
 829 00ff 3B       		.uleb128 0x3b
 830 0100 0B       		.uleb128 0xb
 831 0101 27       		.uleb128 0x27
 832 0102 19       		.uleb128 0x19
 833 0103 3C       		.uleb128 0x3c
 834 0104 19       		.uleb128 0x19
 835 0105 01       		.uleb128 0x1
 836 0106 13       		.uleb128 0x13
 837 0107 00       		.byte	0
 838 0108 00       		.byte	0
 839 0109 12       		.uleb128 0x12
ARM GAS  C:\Users\asentaja\AppData\Local\Temp\ccHtLfwu.s 			page 17


 840 010a 05       		.uleb128 0x5
 841 010b 00       		.byte	0
 842 010c 49       		.uleb128 0x49
 843 010d 13       		.uleb128 0x13
 844 010e 00       		.byte	0
 845 010f 00       		.byte	0
 846 0110 13       		.uleb128 0x13
 847 0111 2E       		.uleb128 0x2e
 848 0112 01       		.byte	0x1
 849 0113 3F       		.uleb128 0x3f
 850 0114 19       		.uleb128 0x19
 851 0115 03       		.uleb128 0x3
 852 0116 0E       		.uleb128 0xe
 853 0117 3A       		.uleb128 0x3a
 854 0118 0B       		.uleb128 0xb
 855 0119 3B       		.uleb128 0x3b
 856 011a 0B       		.uleb128 0xb
 857 011b 27       		.uleb128 0x27
 858 011c 19       		.uleb128 0x19
 859 011d 3C       		.uleb128 0x3c
 860 011e 19       		.uleb128 0x19
 861 011f 00       		.byte	0
 862 0120 00       		.byte	0
 863 0121 00       		.byte	0
 864              		.section	.debug_loc,"",%progbits
 865              	.Ldebug_loc0:
 866              	.LLST0:
 867 0000 00000000 		.4byte	.LVL2
 868 0004 08000000 		.4byte	.LVL3
 869 0008 0100     		.2byte	0x1
 870 000a 50       		.byte	0x50
 871 000b 08000000 		.4byte	.LVL3
 872 000f 48000000 		.4byte	.LFE65
 873 0013 0400     		.2byte	0x4
 874 0015 F3       		.byte	0xf3
 875 0016 01       		.uleb128 0x1
 876 0017 50       		.byte	0x50
 877 0018 9F       		.byte	0x9f
 878 0019 00000000 		.4byte	0
 879 001d 00000000 		.4byte	0
 880              	.LLST1:
 881 0021 00000000 		.4byte	.LVL2
 882 0025 0B000000 		.4byte	.LVL4-1
 883 0029 0100     		.2byte	0x1
 884 002b 51       		.byte	0x51
 885 002c 0B000000 		.4byte	.LVL4-1
 886 0030 3A000000 		.4byte	.LVL12
 887 0034 0100     		.2byte	0x1
 888 0036 55       		.byte	0x55
 889 0037 3A000000 		.4byte	.LVL12
 890 003b 48000000 		.4byte	.LFE65
 891 003f 0400     		.2byte	0x4
 892 0041 F3       		.byte	0xf3
 893 0042 01       		.uleb128 0x1
 894 0043 51       		.byte	0x51
 895 0044 9F       		.byte	0x9f
 896 0045 00000000 		.4byte	0
ARM GAS  C:\Users\asentaja\AppData\Local\Temp\ccHtLfwu.s 			page 18


 897 0049 00000000 		.4byte	0
 898              	.LLST2:
 899 004d 00000000 		.4byte	.LVL13
 900 0051 09000000 		.4byte	.LVL14-1
 901 0055 0100     		.2byte	0x1
 902 0057 50       		.byte	0x50
 903 0058 09000000 		.4byte	.LVL14-1
 904 005c 18000000 		.4byte	.LFE66
 905 0060 0400     		.2byte	0x4
 906 0062 F3       		.byte	0xf3
 907 0063 01       		.uleb128 0x1
 908 0064 50       		.byte	0x50
 909 0065 9F       		.byte	0x9f
 910 0066 00000000 		.4byte	0
 911 006a 00000000 		.4byte	0
 912              	.LLST3:
 913 006e 00000000 		.4byte	.LVL13
 914 0072 09000000 		.4byte	.LVL14-1
 915 0076 0100     		.2byte	0x1
 916 0078 51       		.byte	0x51
 917 0079 09000000 		.4byte	.LVL14-1
 918 007d 18000000 		.4byte	.LFE66
 919 0081 0400     		.2byte	0x4
 920 0083 F3       		.byte	0xf3
 921 0084 01       		.uleb128 0x1
 922 0085 51       		.byte	0x51
 923 0086 9F       		.byte	0x9f
 924 0087 00000000 		.4byte	0
 925 008b 00000000 		.4byte	0
 926              	.LLST4:
 927 008f 00000000 		.4byte	.LVL13
 928 0093 09000000 		.4byte	.LVL14-1
 929 0097 0100     		.2byte	0x1
 930 0099 52       		.byte	0x52
 931 009a 09000000 		.4byte	.LVL14-1
 932 009e 18000000 		.4byte	.LFE66
 933 00a2 0100     		.2byte	0x1
 934 00a4 54       		.byte	0x54
 935 00a5 00000000 		.4byte	0
 936 00a9 00000000 		.4byte	0
 937              	.LLST5:
 938 00ad 00000000 		.4byte	.LVL17
 939 00b1 08000000 		.4byte	.LVL18
 940 00b5 0100     		.2byte	0x1
 941 00b7 50       		.byte	0x50
 942 00b8 08000000 		.4byte	.LVL18
 943 00bc 26000000 		.4byte	.LFE67
 944 00c0 0400     		.2byte	0x4
 945 00c2 F3       		.byte	0xf3
 946 00c3 01       		.uleb128 0x1
 947 00c4 50       		.byte	0x50
 948 00c5 9F       		.byte	0x9f
 949 00c6 00000000 		.4byte	0
 950 00ca 00000000 		.4byte	0
 951              	.LLST6:
 952 00ce 00000000 		.4byte	.LVL17
 953 00d2 0B000000 		.4byte	.LVL19-1
ARM GAS  C:\Users\asentaja\AppData\Local\Temp\ccHtLfwu.s 			page 19


 954 00d6 0100     		.2byte	0x1
 955 00d8 51       		.byte	0x51
 956 00d9 0B000000 		.4byte	.LVL19-1
 957 00dd 26000000 		.4byte	.LFE67
 958 00e1 0100     		.2byte	0x1
 959 00e3 55       		.byte	0x55
 960 00e4 00000000 		.4byte	0
 961 00e8 00000000 		.4byte	0
 962              		.section	.debug_aranges,"",%progbits
 963 0000 3C000000 		.4byte	0x3c
 964 0004 0200     		.2byte	0x2
 965 0006 00000000 		.4byte	.Ldebug_info0
 966 000a 04       		.byte	0x4
 967 000b 00       		.byte	0
 968 000c 0000     		.2byte	0
 969 000e 0000     		.2byte	0
 970 0010 00000000 		.4byte	.LFB63
 971 0014 08000000 		.4byte	.LFE63-.LFB63
 972 0018 00000000 		.4byte	.LFB64
 973 001c 08000000 		.4byte	.LFE64-.LFB64
 974 0020 00000000 		.4byte	.LFB65
 975 0024 48000000 		.4byte	.LFE65-.LFB65
 976 0028 00000000 		.4byte	.LFB66
 977 002c 18000000 		.4byte	.LFE66-.LFB66
 978 0030 00000000 		.4byte	.LFB67
 979 0034 26000000 		.4byte	.LFE67-.LFB67
 980 0038 00000000 		.4byte	0
 981 003c 00000000 		.4byte	0
 982              		.section	.debug_ranges,"",%progbits
 983              	.Ldebug_ranges0:
 984 0000 00000000 		.4byte	.LFB63
 985 0004 08000000 		.4byte	.LFE63
 986 0008 00000000 		.4byte	.LFB64
 987 000c 08000000 		.4byte	.LFE64
 988 0010 00000000 		.4byte	.LFB65
 989 0014 48000000 		.4byte	.LFE65
 990 0018 00000000 		.4byte	.LFB66
 991 001c 18000000 		.4byte	.LFE66
 992 0020 00000000 		.4byte	.LFB67
 993 0024 26000000 		.4byte	.LFE67
 994 0028 00000000 		.4byte	0
 995 002c 00000000 		.4byte	0
 996              		.section	.debug_line,"",%progbits
 997              	.Ldebug_line0:
 998 0000 EE010000 		.section	.debug_str,"MS",%progbits,1
 998      02008D01 
 998      00000201 
 998      FB0E0D00 
 998      01010101 
 999              	.LASF9:
 1000 0000 5F5F696E 		.ascii	"__int32_t\000"
 1000      7433325F 
 1000      7400
 1001              	.LASF25:
 1002 000a 6D6F746F 		.ascii	"motor_backward\000"
 1002      725F6261 
 1002      636B7761 
ARM GAS  C:\Users\asentaja\AppData\Local\Temp\ccHtLfwu.s 			page 20


 1002      726400
 1003              	.LASF24:
 1004 0019 725F7370 		.ascii	"r_speed\000"
 1004      65656400 
 1005              	.LASF29:
 1006 0021 4D6F746F 		.ascii	"MotorDirRight_Write\000"
 1006      72446972 
 1006      52696768 
 1006      745F5772 
 1006      69746500 
 1007              	.LASF11:
 1008 0035 75696E74 		.ascii	"uint8\000"
 1008      3800
 1009              	.LASF10:
 1010 003b 696E7433 		.ascii	"int32_t\000"
 1010      325F7400 
 1011              	.LASF13:
 1012 0043 666C6F61 		.ascii	"float\000"
 1012      7400
 1013              	.LASF0:
 1014 0049 7369676E 		.ascii	"signed char\000"
 1014      65642063 
 1014      68617200 
 1015              	.LASF20:
 1016 0055 64656C61 		.ascii	"delay\000"
 1016      7900
 1017              	.LASF1:
 1018 005b 756E7369 		.ascii	"unsigned char\000"
 1018      676E6564 
 1018      20636861 
 1018      7200
 1019              	.LASF5:
 1020 0069 6C6F6E67 		.ascii	"long unsigned int\000"
 1020      20756E73 
 1020      69676E65 
 1020      6420696E 
 1020      7400
 1021              	.LASF28:
 1022 007b 4D6F746F 		.ascii	"MotorDirLeft_Write\000"
 1022      72446972 
 1022      4C656674 
 1022      5F577269 
 1022      746500
 1023              	.LASF35:
 1024 008e 49544D5F 		.ascii	"ITM_RxBuffer\000"
 1024      52784275 
 1024      66666572 
 1024      00
 1025              	.LASF21:
 1026 009b 6D6F746F 		.ascii	"motor_forward\000"
 1026      725F666F 
 1026      72776172 
 1026      6400
 1027              	.LASF14:
 1028 00a9 646F7562 		.ascii	"double\000"
 1028      6C6500
 1029              	.LASF18:
ARM GAS  C:\Users\asentaja\AppData\Local\Temp\ccHtLfwu.s 			page 21


 1030 00b0 6D6F746F 		.ascii	"motor_stop\000"
 1030      725F7374 
 1030      6F7000
 1031              	.LASF33:
 1032 00bb 5A756D6F 		.ascii	"ZumoLibrary\\Motor.c\000"
 1032      4C696272 
 1032      6172795C 
 1032      4D6F746F 
 1032      722E6300 
 1033              	.LASF12:
 1034 00cf 75696E74 		.ascii	"uint32\000"
 1034      333200
 1035              	.LASF32:
 1036 00d6 474E5520 		.ascii	"GNU C 4.9.3 20150303 (release) [ARM/embedded-4_9-br"
 1036      4320342E 
 1036      392E3320 
 1036      32303135 
 1036      30333033 
 1037 0109 616E6368 		.ascii	"anch revision 221220] -mcpu=cortex-m3 -mthumb -g -O"
 1037      20726576 
 1037      6973696F 
 1037      6E203232 
 1037      31323230 
 1038 013c 67202D66 		.ascii	"g -ffunction-sections -ffat-lto-objects\000"
 1038      66756E63 
 1038      74696F6E 
 1038      2D736563 
 1038      74696F6E 
 1039              	.LASF8:
 1040 0164 756E7369 		.ascii	"unsigned int\000"
 1040      676E6564 
 1040      20696E74 
 1040      00
 1041              	.LASF23:
 1042 0171 6C5F7370 		.ascii	"l_speed\000"
 1042      65656400 
 1043              	.LASF7:
 1044 0179 6C6F6E67 		.ascii	"long long unsigned int\000"
 1044      206C6F6E 
 1044      6720756E 
 1044      7369676E 
 1044      65642069 
 1045              	.LASF17:
 1046 0190 6D6F746F 		.ascii	"motor_start\000"
 1046      725F7374 
 1046      61727400 
 1047              	.LASF30:
 1048 019c 50574D5F 		.ascii	"PWM_WriteCompare1\000"
 1048      57726974 
 1048      65436F6D 
 1048      70617265 
 1048      3100
 1049              	.LASF31:
 1050 01ae 50574D5F 		.ascii	"PWM_WriteCompare2\000"
 1050      57726974 
 1050      65436F6D 
 1050      70617265 
ARM GAS  C:\Users\asentaja\AppData\Local\Temp\ccHtLfwu.s 			page 22


 1050      3200
 1051              	.LASF34:
 1052 01c0 433A5C55 		.ascii	"C:\\Users\\asentaja\\Documents\\Zumo.release04\\Zum"
 1052      73657273 
 1052      5C617365 
 1052      6E74616A 
 1052      615C446F 
 1053 01ee 6F30315C 		.ascii	"o01\\ZumoBot.cydsn\000"
 1053      5A756D6F 
 1053      426F742E 
 1053      63796473 
 1053      6E00
 1054              	.LASF19:
 1055 0200 73706565 		.ascii	"speed\000"
 1055      6400
 1056              	.LASF16:
 1057 0206 73697A65 		.ascii	"sizetype\000"
 1057      74797065 
 1057      00
 1058              	.LASF6:
 1059 020f 6C6F6E67 		.ascii	"long long int\000"
 1059      206C6F6E 
 1059      6720696E 
 1059      7400
 1060              	.LASF15:
 1061 021d 63686172 		.ascii	"char\000"
 1061      00
 1062              	.LASF2:
 1063 0222 73686F72 		.ascii	"short int\000"
 1063      7420696E 
 1063      7400
 1064              	.LASF26:
 1065 022c 50574D5F 		.ascii	"PWM_Start\000"
 1065      53746172 
 1065      7400
 1066              	.LASF27:
 1067 0236 50574D5F 		.ascii	"PWM_Stop\000"
 1067      53746F70 
 1067      00
 1068              	.LASF4:
 1069 023f 6C6F6E67 		.ascii	"long int\000"
 1069      20696E74 
 1069      00
 1070              	.LASF22:
 1071 0248 6D6F746F 		.ascii	"motor_turn\000"
 1071      725F7475 
 1071      726E00
 1072              	.LASF3:
 1073 0253 73686F72 		.ascii	"short unsigned int\000"
 1073      7420756E 
 1073      7369676E 
 1073      65642069 
 1073      6E7400
 1074              	.LASF36:
 1075 0266 43794465 		.ascii	"CyDelay\000"
 1075      6C617900 
 1076              		.ident	"GCC: (GNU Tools for ARM Embedded Processors) 4.9.3 20150303 (release) [ARM/embedded-4_9-br
ARM GAS  C:\Users\asentaja\AppData\Local\Temp\ccHtLfwu.s 			page 23


>>>>>>> b624debbc1cb61744c43a942a04a6276bc9fc33d
